This is pdfTeX, Version 3.14159265-2.6-1.40.19 (TeX Live 2018) (preloaded format=pdflatex 2018.4.16)  20 NOV 2019 14:22
entering extended mode
 restricted \write18 enabled.
 %&-line parsing enabled.
**Missouri-Reasearch-Project---FINAL.tex
(./Missouri-Reasearch-Project---FINAL.tex
LaTeX2e <2018-04-01> patch level 2
Babel <3.18> and hyphenation patterns for 84 language(s) loaded.
(/usr/local/texlive/2018/texmf-dist/tex/latex/base/article.cls
Document Class: article 2014/09/29 v1.4h Standard LaTeX document class
(/usr/local/texlive/2018/texmf-dist/tex/latex/base/size12.clo
File: size12.clo 2014/09/29 v1.4h Standard LaTeX file (size option)
)
\c@part=\count80
\c@section=\count81
\c@subsection=\count82
\c@subsubsection=\count83
\c@paragraph=\count84
\c@subparagraph=\count85
\c@figure=\count86
\c@table=\count87
\abovecaptionskip=\skip41
\belowcaptionskip=\skip42
\bibindent=\dimen102
) (/usr/local/texlive/2018/texmf-dist/tex/latex/lm/lmodern.sty
Package: lmodern 2009/10/30 v1.6 Latin Modern Fonts
LaTeX Font Info:    Overwriting symbol font `operators' in version `normal'
(Font)                  OT1/cmr/m/n --> OT1/lmr/m/n on input line 22.
LaTeX Font Info:    Overwriting symbol font `letters' in version `normal'
(Font)                  OML/cmm/m/it --> OML/lmm/m/it on input line 23.
LaTeX Font Info:    Overwriting symbol font `symbols' in version `normal'
(Font)                  OMS/cmsy/m/n --> OMS/lmsy/m/n on input line 24.
LaTeX Font Info:    Overwriting symbol font `largesymbols' in version `normal'
(Font)                  OMX/cmex/m/n --> OMX/lmex/m/n on input line 25.
LaTeX Font Info:    Overwriting symbol font `operators' in version `bold'
(Font)                  OT1/cmr/bx/n --> OT1/lmr/bx/n on input line 26.
LaTeX Font Info:    Overwriting symbol font `letters' in version `bold'
(Font)                  OML/cmm/b/it --> OML/lmm/b/it on input line 27.
LaTeX Font Info:    Overwriting symbol font `symbols' in version `bold'
(Font)                  OMS/cmsy/b/n --> OMS/lmsy/b/n on input line 28.
LaTeX Font Info:    Overwriting symbol font `largesymbols' in version `bold'
(Font)                  OMX/cmex/m/n --> OMX/lmex/m/n on input line 29.
LaTeX Font Info:    Overwriting math alphabet `\mathbf' in version `normal'
(Font)                  OT1/cmr/bx/n --> OT1/lmr/bx/n on input line 31.
LaTeX Font Info:    Overwriting math alphabet `\mathsf' in version `normal'
(Font)                  OT1/cmss/m/n --> OT1/lmss/m/n on input line 32.
LaTeX Font Info:    Overwriting math alphabet `\mathit' in version `normal'
(Font)                  OT1/cmr/m/it --> OT1/lmr/m/it on input line 33.
LaTeX Font Info:    Overwriting math alphabet `\mathtt' in version `normal'
(Font)                  OT1/cmtt/m/n --> OT1/lmtt/m/n on input line 34.
LaTeX Font Info:    Overwriting math alphabet `\mathbf' in version `bold'
(Font)                  OT1/cmr/bx/n --> OT1/lmr/bx/n on input line 35.
LaTeX Font Info:    Overwriting math alphabet `\mathsf' in version `bold'
(Font)                  OT1/cmss/bx/n --> OT1/lmss/bx/n on input line 36.
LaTeX Font Info:    Overwriting math alphabet `\mathit' in version `bold'
(Font)                  OT1/cmr/bx/it --> OT1/lmr/bx/it on input line 37.
LaTeX Font Info:    Overwriting math alphabet `\mathtt' in version `bold'
(Font)                  OT1/cmtt/m/n --> OT1/lmtt/m/n on input line 38.
) (/usr/local/texlive/2018/texmf-dist/tex/latex/amsfonts/amssymb.sty
Package: amssymb 2013/01/14 v3.01 AMS font symbols
(/usr/local/texlive/2018/texmf-dist/tex/latex/amsfonts/amsfonts.sty
Package: amsfonts 2013/01/14 v3.01 Basic AMSFonts support
\@emptytoks=\toks14
\symAMSa=\mathgroup4
\symAMSb=\mathgroup5
LaTeX Font Info:    Overwriting math alphabet `\mathfrak' in version `bold'
(Font)                  U/euf/m/n --> U/euf/b/n on input line 106.
)) (/usr/local/texlive/2018/texmf-dist/tex/latex/amsmath/amsmath.sty
Package: amsmath 2017/09/02 v2.17a AMS math features
\@mathmargin=\skip43
For additional information on amsmath, use the `?' option.
(/usr/local/texlive/2018/texmf-dist/tex/latex/amsmath/amstext.sty
Package: amstext 2000/06/29 v2.01 AMS text
(/usr/local/texlive/2018/texmf-dist/tex/latex/amsmath/amsgen.sty
File: amsgen.sty 1999/11/30 v2.0 generic functions
\@emptytoks=\toks15
\ex@=\dimen103
)) (/usr/local/texlive/2018/texmf-dist/tex/latex/amsmath/amsbsy.sty
Package: amsbsy 1999/11/29 v1.2d Bold Symbols
\pmbraise@=\dimen104
) (/usr/local/texlive/2018/texmf-dist/tex/latex/amsmath/amsopn.sty
Package: amsopn 2016/03/08 v2.02 operator names
)
\inf@bad=\count88
LaTeX Info: Redefining \frac on input line 213.
\uproot@=\count89
\leftroot@=\count90
LaTeX Info: Redefining \overline on input line 375.
\classnum@=\count91
\DOTSCASE@=\count92
LaTeX Info: Redefining \ldots on input line 472.
LaTeX Info: Redefining \dots on input line 475.
LaTeX Info: Redefining \cdots on input line 596.
\Mathstrutbox@=\box26
\strutbox@=\box27
\big@size=\dimen105
LaTeX Font Info:    Redeclaring font encoding OML on input line 712.
LaTeX Font Info:    Redeclaring font encoding OMS on input line 713.
\macc@depth=\count93
\c@MaxMatrixCols=\count94
\dotsspace@=\muskip10
\c@parentequation=\count95
\dspbrk@lvl=\count96
\tag@help=\toks16
\row@=\count97
\column@=\count98
\maxfields@=\count99
\andhelp@=\toks17
\eqnshift@=\dimen106
\alignsep@=\dimen107
\tagshift@=\dimen108
\tagwidth@=\dimen109
\totwidth@=\dimen110
\lineht@=\dimen111
\@envbody=\toks18
\multlinegap=\skip44
\multlinetaggap=\skip45
\mathdisplay@stack=\toks19
LaTeX Info: Redefining \[ on input line 2817.
LaTeX Info: Redefining \] on input line 2818.
) (/usr/local/texlive/2018/texmf-dist/tex/generic/ifxetex/ifxetex.sty
Package: ifxetex 2010/09/12 v0.6 Provides ifxetex conditional
) (/usr/local/texlive/2018/texmf-dist/tex/generic/oberdiek/ifluatex.sty
Package: ifluatex 2016/05/16 v1.4 Provides the ifluatex switch (HO)
Package ifluatex Info: LuaTeX not detected.
) (/usr/local/texlive/2018/texmf-dist/tex/latex/base/fixltx2e.sty
Package: fixltx2e 2016/12/29 v2.1a fixes to LaTeX (obsolete)
Applying: [2015/01/01] Old fixltx2e package on input line 46.

Package fixltx2e Warning: fixltx2e is not required with releases after 2015
(fixltx2e)                All fixes are now in the LaTeX kernel.
(fixltx2e)                See the latexrelease package for details.

Already applied: [0000/00/00] Old fixltx2e package on input line 53.
) (/usr/local/texlive/2018/texmf-dist/tex/latex/base/fontenc.sty
Package: fontenc 2017/04/05 v2.0i Standard LaTeX package
(/usr/local/texlive/2018/texmf-dist/tex/latex/base/t1enc.def
File: t1enc.def 2017/04/05 v2.0i Standard LaTeX file
LaTeX Font Info:    Redeclaring font encoding T1 on input line 48.
)) (/usr/local/texlive/2018/texmf-dist/tex/latex/base/inputenc.sty
Package: inputenc 2018/04/06 v1.3b Input encoding file
\inpenc@prehook=\toks20
\inpenc@posthook=\toks21
) (/usr/local/texlive/2018/texmf-dist/tex/latex/upquote/upquote.sty
Package: upquote 2012/04/19 v1.3 upright-quote and grave-accent glyphs in verba
tim
(/usr/local/texlive/2018/texmf-dist/tex/latex/base/textcomp.sty
Package: textcomp 2017/04/05 v2.0i Standard LaTeX package
Package textcomp Info: Sub-encoding information:
(textcomp)               5 = only ISO-Adobe without \textcurrency
(textcomp)               4 = 5 + \texteuro
(textcomp)               3 = 4 + \textohm
(textcomp)               2 = 3 + \textestimated + \textcurrency
(textcomp)               1 = TS1 - \textcircled - \t
(textcomp)               0 = TS1 (full)
(textcomp)             Font families with sub-encoding setting implement
(textcomp)             only a restricted character set as indicated.
(textcomp)             Family '?' is the default used for unknown fonts.
(textcomp)             See the documentation for details.
Package textcomp Info: Setting ? sub-encoding to TS1/1 on input line 79.
(/usr/local/texlive/2018/texmf-dist/tex/latex/base/ts1enc.def
File: ts1enc.def 2001/06/05 v3.0e (jk/car/fm) Standard LaTeX file
Now handling font encoding TS1 ...
... processing UTF-8 mapping file for font encoding TS1
(/usr/local/texlive/2018/texmf-dist/tex/latex/base/ts1enc.dfu
File: ts1enc.dfu 2018/04/05 v1.2c UTF-8 support for inputenc
   defining Unicode char U+00A2 (decimal 162)
   defining Unicode char U+00A3 (decimal 163)
   defining Unicode char U+00A4 (decimal 164)
   defining Unicode char U+00A5 (decimal 165)
   defining Unicode char U+00A6 (decimal 166)
   defining Unicode char U+00A7 (decimal 167)
   defining Unicode char U+00A8 (decimal 168)
   defining Unicode char U+00A9 (decimal 169)
   defining Unicode char U+00AA (decimal 170)
   defining Unicode char U+00AC (decimal 172)
   defining Unicode char U+00AE (decimal 174)
   defining Unicode char U+00AF (decimal 175)
   defining Unicode char U+00B0 (decimal 176)
   defining Unicode char U+00B1 (decimal 177)
   defining Unicode char U+00B2 (decimal 178)
   defining Unicode char U+00B3 (decimal 179)
   defining Unicode char U+00B4 (decimal 180)
   defining Unicode char U+00B5 (decimal 181)
   defining Unicode char U+00B6 (decimal 182)
   defining Unicode char U+00B7 (decimal 183)
   defining Unicode char U+00B9 (decimal 185)
   defining Unicode char U+00BA (decimal 186)
   defining Unicode char U+00BC (decimal 188)
   defining Unicode char U+00BD (decimal 189)
   defining Unicode char U+00BE (decimal 190)
   defining Unicode char U+00D7 (decimal 215)
   defining Unicode char U+00F7 (decimal 247)
   defining Unicode char U+0192 (decimal 402)
   defining Unicode char U+02C7 (decimal 711)
   defining Unicode char U+02D8 (decimal 728)
   defining Unicode char U+02DD (decimal 733)
   defining Unicode char U+0E3F (decimal 3647)
   defining Unicode char U+2016 (decimal 8214)
   defining Unicode char U+2020 (decimal 8224)
   defining Unicode char U+2021 (decimal 8225)
   defining Unicode char U+2022 (decimal 8226)
   defining Unicode char U+2030 (decimal 8240)
   defining Unicode char U+2031 (decimal 8241)
   defining Unicode char U+203B (decimal 8251)
   defining Unicode char U+203D (decimal 8253)
   defining Unicode char U+2044 (decimal 8260)
   defining Unicode char U+204E (decimal 8270)
   defining Unicode char U+2052 (decimal 8274)
   defining Unicode char U+20A1 (decimal 8353)
   defining Unicode char U+20A4 (decimal 8356)
   defining Unicode char U+20A6 (decimal 8358)
   defining Unicode char U+20A9 (decimal 8361)
   defining Unicode char U+20AB (decimal 8363)
   defining Unicode char U+20AC (decimal 8364)
   defining Unicode char U+20B1 (decimal 8369)
   defining Unicode char U+2103 (decimal 8451)
   defining Unicode char U+2116 (decimal 8470)
   defining Unicode char U+2117 (decimal 8471)
   defining Unicode char U+211E (decimal 8478)
   defining Unicode char U+2120 (decimal 8480)
   defining Unicode char U+2122 (decimal 8482)
   defining Unicode char U+2126 (decimal 8486)
   defining Unicode char U+2127 (decimal 8487)
   defining Unicode char U+212E (decimal 8494)
   defining Unicode char U+2190 (decimal 8592)
   defining Unicode char U+2191 (decimal 8593)
   defining Unicode char U+2192 (decimal 8594)
   defining Unicode char U+2193 (decimal 8595)
   defining Unicode char U+2329 (decimal 9001)
   defining Unicode char U+232A (decimal 9002)
   defining Unicode char U+2422 (decimal 9250)
   defining Unicode char U+25E6 (decimal 9702)
   defining Unicode char U+25EF (decimal 9711)
   defining Unicode char U+266A (decimal 9834)
   defining Unicode char U+FEFF (decimal 65279)
))
LaTeX Info: Redefining \oldstylenums on input line 334.
Package textcomp Info: Setting cmr sub-encoding to TS1/0 on input line 349.
Package textcomp Info: Setting cmss sub-encoding to TS1/0 on input line 350.
Package textcomp Info: Setting cmtt sub-encoding to TS1/0 on input line 351.
Package textcomp Info: Setting cmvtt sub-encoding to TS1/0 on input line 352.
Package textcomp Info: Setting cmbr sub-encoding to TS1/0 on input line 353.
Package textcomp Info: Setting cmtl sub-encoding to TS1/0 on input line 354.
Package textcomp Info: Setting ccr sub-encoding to TS1/0 on input line 355.
Package textcomp Info: Setting ptm sub-encoding to TS1/4 on input line 356.
Package textcomp Info: Setting pcr sub-encoding to TS1/4 on input line 357.
Package textcomp Info: Setting phv sub-encoding to TS1/4 on input line 358.
Package textcomp Info: Setting ppl sub-encoding to TS1/3 on input line 359.
Package textcomp Info: Setting pag sub-encoding to TS1/4 on input line 360.
Package textcomp Info: Setting pbk sub-encoding to TS1/4 on input line 361.
Package textcomp Info: Setting pnc sub-encoding to TS1/4 on input line 362.
Package textcomp Info: Setting pzc sub-encoding to TS1/4 on input line 363.
Package textcomp Info: Setting bch sub-encoding to TS1/4 on input line 364.
Package textcomp Info: Setting put sub-encoding to TS1/5 on input line 365.
Package textcomp Info: Setting uag sub-encoding to TS1/5 on input line 366.
Package textcomp Info: Setting ugq sub-encoding to TS1/5 on input line 367.
Package textcomp Info: Setting ul8 sub-encoding to TS1/4 on input line 368.
Package textcomp Info: Setting ul9 sub-encoding to TS1/4 on input line 369.
Package textcomp Info: Setting augie sub-encoding to TS1/5 on input line 370.
Package textcomp Info: Setting dayrom sub-encoding to TS1/3 on input line 371.
Package textcomp Info: Setting dayroms sub-encoding to TS1/3 on input line 372.

Package textcomp Info: Setting pxr sub-encoding to TS1/0 on input line 373.
Package textcomp Info: Setting pxss sub-encoding to TS1/0 on input line 374.
Package textcomp Info: Setting pxtt sub-encoding to TS1/0 on input line 375.
Package textcomp Info: Setting txr sub-encoding to TS1/0 on input line 376.
Package textcomp Info: Setting txss sub-encoding to TS1/0 on input line 377.
Package textcomp Info: Setting txtt sub-encoding to TS1/0 on input line 378.
Package textcomp Info: Setting lmr sub-encoding to TS1/0 on input line 379.
Package textcomp Info: Setting lmdh sub-encoding to TS1/0 on input line 380.
Package textcomp Info: Setting lmss sub-encoding to TS1/0 on input line 381.
Package textcomp Info: Setting lmssq sub-encoding to TS1/0 on input line 382.
Package textcomp Info: Setting lmvtt sub-encoding to TS1/0 on input line 383.
Package textcomp Info: Setting lmtt sub-encoding to TS1/0 on input line 384.
Package textcomp Info: Setting qhv sub-encoding to TS1/0 on input line 385.
Package textcomp Info: Setting qag sub-encoding to TS1/0 on input line 386.
Package textcomp Info: Setting qbk sub-encoding to TS1/0 on input line 387.
Package textcomp Info: Setting qcr sub-encoding to TS1/0 on input line 388.
Package textcomp Info: Setting qcs sub-encoding to TS1/0 on input line 389.
Package textcomp Info: Setting qpl sub-encoding to TS1/0 on input line 390.
Package textcomp Info: Setting qtm sub-encoding to TS1/0 on input line 391.
Package textcomp Info: Setting qzc sub-encoding to TS1/0 on input line 392.
Package textcomp Info: Setting qhvc sub-encoding to TS1/0 on input line 393.
Package textcomp Info: Setting futs sub-encoding to TS1/4 on input line 394.
Package textcomp Info: Setting futx sub-encoding to TS1/4 on input line 395.
Package textcomp Info: Setting futj sub-encoding to TS1/4 on input line 396.
Package textcomp Info: Setting hlh sub-encoding to TS1/3 on input line 397.
Package textcomp Info: Setting hls sub-encoding to TS1/3 on input line 398.
Package textcomp Info: Setting hlst sub-encoding to TS1/3 on input line 399.
Package textcomp Info: Setting hlct sub-encoding to TS1/5 on input line 400.
Package textcomp Info: Setting hlx sub-encoding to TS1/5 on input line 401.
Package textcomp Info: Setting hlce sub-encoding to TS1/5 on input line 402.
Package textcomp Info: Setting hlcn sub-encoding to TS1/5 on input line 403.
Package textcomp Info: Setting hlcw sub-encoding to TS1/5 on input line 404.
Package textcomp Info: Setting hlcf sub-encoding to TS1/5 on input line 405.
Package textcomp Info: Setting pplx sub-encoding to TS1/3 on input line 406.
Package textcomp Info: Setting pplj sub-encoding to TS1/3 on input line 407.
Package textcomp Info: Setting ptmx sub-encoding to TS1/4 on input line 408.
Package textcomp Info: Setting ptmj sub-encoding to TS1/4 on input line 409.
)) (/usr/local/texlive/2018/texmf-dist/tex/latex/microtype/microtype.sty
Package: microtype 2018/01/14 v2.7a Micro-typographical refinements (RS)
(/usr/local/texlive/2018/texmf-dist/tex/latex/graphics/keyval.sty
Package: keyval 2014/10/28 v1.15 key=value parser (DPC)
\KV@toks@=\toks22
)
\MT@toks=\toks23
\MT@count=\count100
LaTeX Info: Redefining \textls on input line 793.
\MT@outer@kern=\dimen112
LaTeX Info: Redefining \textmicrotypecontext on input line 1339.
\MT@listname@count=\count101
(/usr/local/texlive/2018/texmf-dist/tex/latex/microtype/microtype-pdftex.def
File: microtype-pdftex.def 2018/01/14 v2.7a Definitions specific to pdftex (RS)

LaTeX Info: Redefining \lsstyle on input line 913.
LaTeX Info: Redefining \lslig on input line 913.
\MT@outer@space=\skip46
)
Package microtype Info: Loading configuration file microtype.cfg.
(/usr/local/texlive/2018/texmf-dist/tex/latex/microtype/microtype.cfg
File: microtype.cfg 2018/01/14 v2.7a microtype main configuration file (RS)
)) (/usr/local/texlive/2018/texmf-dist/tex/latex/geometry/geometry.sty
Package: geometry 2018/03/24 v5.7 Page Geometry
(/usr/local/texlive/2018/texmf-dist/tex/generic/oberdiek/ifpdf.sty
Package: ifpdf 2017/03/15 v3.2 Provides the ifpdf switch
) (/usr/local/texlive/2018/texmf-dist/tex/generic/oberdiek/ifvtex.sty
Package: ifvtex 2016/05/16 v1.6 Detect VTeX and its facilities (HO)
Package ifvtex Info: VTeX not detected.
)
\Gm@cnth=\count102
\Gm@cntv=\count103
\c@Gm@tempcnt=\count104
\Gm@bindingoffset=\dimen113
\Gm@wd@mp=\dimen114
\Gm@odd@mp=\dimen115
\Gm@even@mp=\dimen116
\Gm@layoutwidth=\dimen117
\Gm@layoutheight=\dimen118
\Gm@layouthoffset=\dimen119
\Gm@layoutvoffset=\dimen120
\Gm@dimlist=\toks24
) (/usr/local/texlive/2018/texmf-dist/tex/latex/hyperref/hyperref.sty
Package: hyperref 2018/02/06 v6.86b Hypertext links for LaTeX
(/usr/local/texlive/2018/texmf-dist/tex/generic/oberdiek/hobsub-hyperref.sty
Package: hobsub-hyperref 2016/05/16 v1.14 Bundle oberdiek, subset hyperref (HO)

(/usr/local/texlive/2018/texmf-dist/tex/generic/oberdiek/hobsub-generic.sty
Package: hobsub-generic 2016/05/16 v1.14 Bundle oberdiek, subset generic (HO)
Package: hobsub 2016/05/16 v1.14 Construct package bundles (HO)
Package: infwarerr 2016/05/16 v1.4 Providing info/warning/error messages (HO)
Package: ltxcmds 2016/05/16 v1.23 LaTeX kernel commands for general use (HO)
Package hobsub Info: Skipping package `ifluatex' (already loaded).
Package hobsub Info: Skipping package `ifvtex' (already loaded).
Package: intcalc 2016/05/16 v1.2 Expandable calculations with integers (HO)
Package hobsub Info: Skipping package `ifpdf' (already loaded).
Package: etexcmds 2016/05/16 v1.6 Avoid name clashes with e-TeX commands (HO)
Package etexcmds Info: Could not find \expanded.
(etexcmds)             That can mean that you are not using pdfTeX 1.50 or
(etexcmds)             that some package has redefined \expanded.
(etexcmds)             In the latter case, load this package earlier.
Package: kvsetkeys 2016/05/16 v1.17 Key value parser (HO)
Package: kvdefinekeys 2016/05/16 v1.4 Define keys (HO)
Package: pdftexcmds 2018/01/30 v0.27 Utility functions of pdfTeX for LuaTeX (HO
)
Package pdftexcmds Info: LuaTeX not detected.
Package pdftexcmds Info: \pdf@primitive is available.
Package pdftexcmds Info: \pdf@ifprimitive is available.
Package pdftexcmds Info: \pdfdraftmode found.
Package: pdfescape 2016/05/16 v1.14 Implements pdfTeX's escape features (HO)
Package: bigintcalc 2016/05/16 v1.4 Expandable calculations on big integers (HO
)
Package: bitset 2016/05/16 v1.2 Handle bit-vector datatype (HO)
Package: uniquecounter 2016/05/16 v1.3 Provide unlimited unique counter (HO)
)
Package hobsub Info: Skipping package `hobsub' (already loaded).
Package: letltxmacro 2016/05/16 v1.5 Let assignment for LaTeX macros (HO)
Package: hopatch 2016/05/16 v1.3 Wrapper for package hooks (HO)
Package: xcolor-patch 2016/05/16 xcolor patch
Package: atveryend 2016/05/16 v1.9 Hooks at the very end of document (HO)
Package atveryend Info: \enddocument detected (standard20110627).
Package: atbegshi 2016/06/09 v1.18 At begin shipout hook (HO)
Package: refcount 2016/05/16 v3.5 Data extraction from label references (HO)
Package: hycolor 2016/05/16 v1.8 Color options for hyperref/bookmark (HO)
) (/usr/local/texlive/2018/texmf-dist/tex/latex/oberdiek/auxhook.sty
Package: auxhook 2016/05/16 v1.4 Hooks for auxiliary files (HO)
) (/usr/local/texlive/2018/texmf-dist/tex/latex/oberdiek/kvoptions.sty
Package: kvoptions 2016/05/16 v3.12 Key value format for package options (HO)
)
\@linkdim=\dimen121
\Hy@linkcounter=\count105
\Hy@pagecounter=\count106
(/usr/local/texlive/2018/texmf-dist/tex/latex/hyperref/pd1enc.def
File: pd1enc.def 2018/02/06 v6.86b Hyperref: PDFDocEncoding definition (HO)
Now handling font encoding PD1 ...
... no UTF-8 mapping file for font encoding PD1
)
\Hy@SavedSpaceFactor=\count107
(/usr/local/texlive/2018/texmf-dist/tex/latex/latexconfig/hyperref.cfg
File: hyperref.cfg 2002/06/06 v1.2 hyperref configuration of TeXLive
)
Package hyperref Info: Hyper figures OFF on input line 4509.
Package hyperref Info: Link nesting OFF on input line 4514.
Package hyperref Info: Hyper index ON on input line 4517.
Package hyperref Info: Plain pages OFF on input line 4524.
Package hyperref Info: Backreferencing OFF on input line 4529.
Package hyperref Info: Implicit mode ON; LaTeX internals redefined.
Package hyperref Info: Bookmarks ON on input line 4762.
\c@Hy@tempcnt=\count108
(/usr/local/texlive/2018/texmf-dist/tex/latex/url/url.sty
\Urlmuskip=\muskip11
Package: url 2013/09/16  ver 3.4  Verb mode for urls, etc.
)
LaTeX Info: Redefining \url on input line 5115.
\XeTeXLinkMargin=\dimen122
\Fld@menulength=\count109
\Field@Width=\dimen123
\Fld@charsize=\dimen124
Package hyperref Info: Hyper figures OFF on input line 6369.
Package hyperref Info: Link nesting OFF on input line 6374.
Package hyperref Info: Hyper index ON on input line 6377.
Package hyperref Info: backreferencing OFF on input line 6384.
Package hyperref Info: Link coloring OFF on input line 6389.
Package hyperref Info: Link coloring with OCG OFF on input line 6394.
Package hyperref Info: PDF/A mode OFF on input line 6399.
LaTeX Info: Redefining \ref on input line 6439.
LaTeX Info: Redefining \pageref on input line 6443.
\Hy@abspage=\count110
\c@Item=\count111
\c@Hfootnote=\count112
)
Package hyperref Info: Driver (autodetected): hpdftex.
(/usr/local/texlive/2018/texmf-dist/tex/latex/hyperref/hpdftex.def
File: hpdftex.def 2018/02/06 v6.86b Hyperref driver for pdfTeX
\Fld@listcount=\count113
\c@bookmark@seq@number=\count114
(/usr/local/texlive/2018/texmf-dist/tex/latex/oberdiek/rerunfilecheck.sty
Package: rerunfilecheck 2016/05/16 v1.8 Rerun checks for auxiliary files (HO)
Package uniquecounter Info: New unique counter `rerunfilecheck' on input line 2
82.
)
\Hy@SectionHShift=\skip47
)
Package hyperref Info: Option `unicode' set `true' on input line 31.
(/usr/local/texlive/2018/texmf-dist/tex/latex/hyperref/puenc.def
File: puenc.def 2018/02/06 v6.86b Hyperref: PDF Unicode definition (HO)
Now handling font encoding PU ...
... no UTF-8 mapping file for font encoding PU
)
Package hyperref Info: Option `breaklinks' set `true' on input line 31.
(/usr/local/texlive/2018/texmf-dist/tex/latex/tools/longtable.sty
Package: longtable 2014/10/28 v4.11 Multi-page Table package (DPC)
\LTleft=\skip48
\LTright=\skip49
\LTpre=\skip50
\LTpost=\skip51
\LTchunksize=\count115
\LTcapwidth=\dimen125
\LT@head=\box28
\LT@firsthead=\box29
\LT@foot=\box30
\LT@lastfoot=\box31
\LT@cols=\count116
\LT@rows=\count117
\c@LT@tables=\count118
\c@LT@chunks=\count119
\LT@p@ftn=\toks25
) (/usr/local/texlive/2018/texmf-dist/tex/latex/booktabs/booktabs.sty
Package: booktabs 2016/04/27 v1.618033 publication quality tables
\heavyrulewidth=\dimen126
\lightrulewidth=\dimen127
\cmidrulewidth=\dimen128
\belowrulesep=\dimen129
\belowbottomsep=\dimen130
\aboverulesep=\dimen131
\abovetopsep=\dimen132
\cmidrulesep=\dimen133
\cmidrulekern=\dimen134
\defaultaddspace=\dimen135
\@cmidla=\count120
\@cmidlb=\count121
\@aboverulesep=\dimen136
\@belowrulesep=\dimen137
\@thisruleclass=\count122
\@lastruleclass=\count123
\@thisrulewidth=\dimen138
) (/usr/local/texlive/2018/texmf-dist/tex/latex/graphics/graphicx.sty
Package: graphicx 2017/06/01 v1.1a Enhanced LaTeX Graphics (DPC,SPQR)
(/usr/local/texlive/2018/texmf-dist/tex/latex/graphics/graphics.sty
Package: graphics 2017/06/25 v1.2c Standard LaTeX Graphics (DPC,SPQR)
(/usr/local/texlive/2018/texmf-dist/tex/latex/graphics/trig.sty
Package: trig 2016/01/03 v1.10 sin cos tan (DPC)
) (/usr/local/texlive/2018/texmf-dist/tex/latex/graphics-cfg/graphics.cfg
File: graphics.cfg 2016/06/04 v1.11 sample graphics configuration
)
Package graphics Info: Driver file: pdftex.def on input line 99.
(/usr/local/texlive/2018/texmf-dist/tex/latex/graphics-def/pdftex.def
File: pdftex.def 2018/01/08 v1.0l Graphics/color driver for pdftex
))
\Gin@req@height=\dimen139
\Gin@req@width=\dimen140
) (/usr/local/texlive/2018/texmf-dist/tex/latex/oberdiek/grffile.sty
Package: grffile 2017/06/30 v1.18 Extended file name support for graphics (HO)
Package grffile Info: Option `multidot' is set to `true'.
Package grffile Info: Option `extendedchars' is set to `false'.
Package grffile Info: Option `space' is set to `true'.
Package grffile Info: \Gin@ii of package `graphicx' fixed on input line 494.
) (/usr/local/texlive/2018/texmf-dist/tex/latex/parskip/parskip.sty
Package: parskip 2001/04/09 non-zero parskip adjustments
) (/Users/carolinewatson/Library/texmf/tex/latex/titling/titling.sty
Package: titling 2009/09/04 v2.1d maketitle typesetting
\thanksmarkwidth=\skip52
\thanksmargin=\skip53
\droptitle=\skip54
) (/usr/local/texlive/2018/texmf-dist/tex/latex/tools/array.sty
Package: array 2018/04/07 v2.4g Tabular extension package (FMi)
\col@sep=\dimen141
\ar@mcellbox=\box32
\extrarowheight=\dimen142
\NC@list=\toks26
\extratabsurround=\skip55
\backup@length=\skip56
\ar@cellbox=\box33
) (/usr/local/texlive/2018/texmf-dist/tex/latex/multirow/multirow.sty
Package: multirow 2016/11/25 v2.2 Span multiple rows of a table
\multirow@colwidth=\skip57
\multirow@cntb=\count124
\multirow@dima=\skip58
\bigstrutjot=\dimen143
) (/usr/local/texlive/2018/texmf-dist/tex/latex/wrapfig/wrapfig.sty
\wrapoverhang=\dimen144
\WF@size=\dimen145
\c@WF@wrappedlines=\count125
\WF@box=\box34
\WF@everypar=\toks27
Package: wrapfig 2003/01/31  v 3.6
) (/usr/local/texlive/2018/texmf-dist/tex/latex/float/float.sty
Package: float 2001/11/08 v1.3d Float enhancements (AL)
\c@float@type=\count126
\float@exts=\toks28
\float@box=\box35
\@float@everytoks=\toks29
\@floatcapt=\box36
) (/usr/local/texlive/2018/texmf-dist/tex/latex/colortbl/colortbl.sty
Package: colortbl 2012/02/13 v1.0a Color table columns (DPC)
(/usr/local/texlive/2018/texmf-dist/tex/latex/graphics/color.sty
Package: color 2016/07/10 v1.1e Standard LaTeX Color (DPC)
(/usr/local/texlive/2018/texmf-dist/tex/latex/graphics-cfg/color.cfg
File: color.cfg 2016/01/02 v1.6 sample color configuration
)
Package color Info: Driver file: pdftex.def on input line 147.
)
\everycr=\toks30
\minrowclearance=\skip59
) (/usr/local/texlive/2018/texmf-dist/tex/latex/oberdiek/pdflscape.sty
Package: pdflscape 2016/05/14 v0.11 Display of landscape pages in PDF (HO)
(/usr/local/texlive/2018/texmf-dist/tex/latex/graphics/lscape.sty
Package: lscape 2000/10/22 v3.01 Landscape Pages (DPC)
)
Package pdflscape Info: Auto-detected driver: pdftex on input line 81.
) (/usr/local/texlive/2018/texmf-dist/tex/latex/tabu/tabu.sty
Package: tabu 2011/02/26 v2.8 - flexible LaTeX tabulars (FC)
(/usr/local/texlive/2018/texmf-dist/tex/latex/varwidth/varwidth.sty
Package: varwidth 2009/03/30 ver 0.92;  Variable-width minipages
\@vwid@box=\box37
\sift@deathcycles=\count127
\@vwid@loff=\dimen146
\@vwid@roff=\dimen147
)
\c@taburow=\count128
\tabu@nbcols=\count129
\tabu@cnt=\count130
\tabu@Xcol=\count131
\tabu@alloc=\count132
\tabu@nested=\count133
\tabu@target=\dimen148
\tabu@spreadtarget=\dimen149
\tabu@naturalX=\dimen150
\tabucolX=\dimen151
\tabu@Xsum=\dimen152
\extrarowdepth=\dimen153
\abovetabulinesep=\dimen154
\belowtabulinesep=\dimen155
\tabustrutrule=\dimen156
\tabu@thebody=\toks31
\tabu@footnotes=\toks32
\tabu@box=\box38
\tabu@arstrutbox=\box39
\tabu@hleads=\box40
\tabu@vleads=\box41
\tabu@cellskip=\skip60
)
(/usr/local/texlive/2018/texmf-dist/tex/latex/threeparttable/threeparttable.sty
Package: threeparttable 2003/06/13  v 3.0
\@tempboxb=\box42
)
(/usr/local/texlive/2018/texmf-dist/tex/latex/threeparttablex/threeparttablex.s
ty
Package: threeparttablex 2013/07/23 v0.3 by daleif
(/usr/local/texlive/2018/texmf-dist/tex/latex/environ/environ.sty
Package: environ 2014/05/04 v0.3 A new way to define environments
(/usr/local/texlive/2018/texmf-dist/tex/latex/trimspaces/trimspaces.sty
Package: trimspaces 2009/09/17 v1.1 Trim spaces around a token list
))
\TPTL@width=\skip61
) (/usr/local/texlive/2018/texmf-dist/tex/generic/ulem/ulem.sty
\UL@box=\box43
\UL@hyphenbox=\box44
\UL@skip=\skip62
\UL@hook=\toks33
\UL@height=\dimen157
\UL@pe=\count134
\UL@pixel=\dimen158
\ULC@box=\box45
Package: ulem 2012/05/18
\ULdepth=\dimen159
) (/usr/local/texlive/2018/texmf-dist/tex/latex/makecell/makecell.sty
Package: makecell 2009/08/03 V0.1e Managing of Tab Column Heads and Cells
\rotheadsize=\dimen160
\c@nlinenum=\count135
\TeXr@lab=\toks34
) (/usr/local/texlive/2018/texmf-dist/tex/latex/xcolor/xcolor.sty
Package: xcolor 2016/05/11 v2.12 LaTeX color extensions (UK)
(/usr/local/texlive/2018/texmf-dist/tex/latex/graphics-cfg/color.cfg
File: color.cfg 2016/01/02 v1.6 sample color configuration
)
Package xcolor Info: Driver file: pdftex.def on input line 225.
LaTeX Info: Redefining \color on input line 709.
Package xcolor Info: Model `cmy' substituted by `cmy0' on input line 1348.
Package xcolor Info: Model `hsb' substituted by `rgb' on input line 1352.
Package xcolor Info: Model `RGB' extended on input line 1364.
Package xcolor Info: Model `HTML' substituted by `rgb' on input line 1366.
Package xcolor Info: Model `Hsb' substituted by `hsb' on input line 1367.
Package xcolor Info: Model `tHsb' substituted by `hsb' on input line 1368.
Package xcolor Info: Model `HSB' substituted by `hsb' on input line 1369.
Package xcolor Info: Model `Gray' substituted by `gray' on input line 1370.
Package xcolor Info: Model `wave' substituted by `hsb' on input line 1371.
) (./Missouri-Reasearch-Project---FINAL.aux

LaTeX Warning: Label `fig:cropland' multiply defined.


LaTeX Warning: Label `fig:sitemap' multiply defined.


LaTeX Warning: Label `fig:Nhist' multiply defined.


LaTeX Warning: Label `fig:dataexample' multiply defined.


LaTeX Warning: Label `fig:dispattern' multiply defined.


LaTeX Warning: Label `fig:varfig' multiply defined.

)
\openout1 = `Missouri-Reasearch-Project---FINAL.aux'.

LaTeX Font Info:    Checking defaults for OML/cmm/m/it on input line 106.
LaTeX Font Info:    ... okay on input line 106.
LaTeX Font Info:    Checking defaults for T1/cmr/m/n on input line 106.
LaTeX Font Info:    ... okay on input line 106.
LaTeX Font Info:    Checking defaults for OT1/cmr/m/n on input line 106.
LaTeX Font Info:    ... okay on input line 106.
LaTeX Font Info:    Checking defaults for OMS/cmsy/m/n on input line 106.
LaTeX Font Info:    ... okay on input line 106.
LaTeX Font Info:    Checking defaults for OMX/cmex/m/n on input line 106.
LaTeX Font Info:    ... okay on input line 106.
LaTeX Font Info:    Checking defaults for U/cmr/m/n on input line 106.
LaTeX Font Info:    ... okay on input line 106.
LaTeX Font Info:    Checking defaults for TS1/cmr/m/n on input line 106.
LaTeX Font Info:    Try loading font information for TS1+cmr on input line 106.

(/usr/local/texlive/2018/texmf-dist/tex/latex/base/ts1cmr.fd
File: ts1cmr.fd 2014/09/29 v2.5h Standard LaTeX font definitions
)
LaTeX Font Info:    ... okay on input line 106.
LaTeX Font Info:    Checking defaults for PD1/pdf/m/n on input line 106.
LaTeX Font Info:    ... okay on input line 106.
LaTeX Font Info:    Checking defaults for PU/pdf/m/n on input line 106.
LaTeX Font Info:    ... okay on input line 106.
LaTeX Font Info:    Try loading font information for T1+lmr on input line 106.
(/usr/local/texlive/2018/texmf-dist/tex/latex/lm/t1lmr.fd
File: t1lmr.fd 2009/10/30 v1.6 Font defs for Latin Modern
)
LaTeX Info: Redefining \microtypecontext on input line 106.
Package microtype Info: Generating PDF output.
Package microtype Info: Character protrusion enabled (level 2).
Package microtype Info: Using protrusion set `basicmath'.
Package microtype Info: Automatic font expansion enabled (level 2),
(microtype)             stretch: 20, shrink: 20, step: 1, non-selected.
Package microtype Info: Using default expansion set `basictext'.
Package microtype Info: No adjustment of tracking.
Package microtype Info: No adjustment of interword spacing.
Package microtype Info: No adjustment of character kerning.
(/usr/local/texlive/2018/texmf-dist/tex/latex/microtype/mt-cmr.cfg
File: mt-cmr.cfg 2013/05/19 v2.2 microtype config. file: Computer Modern Roman 
(RS)
)
*geometry* driver: auto-detecting
*geometry* detected driver: pdftex
*geometry* verbose mode - [ preamble ] result:
* driver: pdftex
* paper: <default>
* layout: <same size as paper>
* layoutoffset:(h,v)=(0.0pt,0.0pt)
* modes: 
* h-part:(L,W,R)=(72.2698pt, 469.75539pt, 72.2698pt)
* v-part:(T,H,B)=(72.2698pt, 650.43037pt, 72.2698pt)
* \paperwidth=614.295pt
* \paperheight=794.96999pt
* \textwidth=469.75539pt
* \textheight=650.43037pt
* \oddsidemargin=-0.00018pt
* \evensidemargin=-0.00018pt
* \topmargin=-37.00018pt
* \headheight=12.0pt
* \headsep=25.0pt
* \topskip=12.0pt
* \footskip=30.0pt
* \marginparwidth=44.0pt
* \marginparsep=10.0pt
* \columnsep=10.0pt
* \skip\footins=10.8pt plus 4.0pt minus 2.0pt
* \hoffset=0.0pt
* \voffset=0.0pt
* \mag=1000
* \@twocolumnfalse
* \@twosidefalse
* \@mparswitchfalse
* \@reversemarginfalse
* (1in=72.27pt=25.4mm, 1cm=28.453pt)

\AtBeginShipoutBox=\box46
Package hyperref Info: Link coloring OFF on input line 106.
(/usr/local/texlive/2018/texmf-dist/tex/latex/hyperref/nameref.sty
Package: nameref 2016/05/21 v2.44 Cross-referencing by name of section
(/usr/local/texlive/2018/texmf-dist/tex/generic/oberdiek/gettitlestring.sty
Package: gettitlestring 2016/05/16 v1.5 Cleanup title references (HO)
)
\c@section@level=\count136
)
LaTeX Info: Redefining \ref on input line 106.
LaTeX Info: Redefining \pageref on input line 106.
LaTeX Info: Redefining \nameref on input line 106.
(./Missouri-Reasearch-Project---FINAL.out) (./Missouri-Reasearch-Project---FINA
L.out)
\@outlinefile=\write3
\openout3 = `Missouri-Reasearch-Project---FINAL.out'.

(/usr/local/texlive/2018/texmf-dist/tex/context/base/mkii/supp-pdf.mkii
[Loading MPS to PDF converter (version 2006.09.02).]
\scratchcounter=\count137
\scratchdimen=\dimen161
\scratchbox=\box47
\nofMPsegments=\count138
\nofMParguments=\count139
\everyMPshowfont=\toks35
\MPscratchCnt=\count140
\MPscratchDim=\dimen162
\MPnumerator=\count141
\makeMPintoPDFobject=\count142
\everyMPtoPDFconversion=\toks36
) (/usr/local/texlive/2018/texmf-dist/tex/latex/oberdiek/epstopdf-base.sty
Package: epstopdf-base 2016/05/15 v2.6 Base part for package epstopdf
(/usr/local/texlive/2018/texmf-dist/tex/latex/oberdiek/grfext.sty
Package: grfext 2016/05/16 v1.2 Manage graphics extensions (HO)
)
Package epstopdf-base Info: Redefining graphics rule for `.eps' on input line 4
38.
Package grfext Info: Graphics extension search list:
(grfext)             [.pdf,.png,.jpg,.mps,.jpeg,.jbig2,.jb2,.PDF,.PNG,.JPG,.JPE
G,.JBIG2,.JB2,.eps]
(grfext)             \AppendGraphicsExtensions on input line 456.
(/usr/local/texlive/2018/texmf-dist/tex/latex/latexconfig/epstopdf-sys.cfg
File: epstopdf-sys.cfg 2010/07/13 v1.3 Configuration of (r)epstopdf for TeX Liv
e
))
LaTeX Font Info:    Try loading font information for OT1+lmr on input line 107.

(/usr/local/texlive/2018/texmf-dist/tex/latex/lm/ot1lmr.fd
File: ot1lmr.fd 2009/10/30 v1.6 Font defs for Latin Modern
)
LaTeX Font Info:    Try loading font information for OML+lmm on input line 107.

(/usr/local/texlive/2018/texmf-dist/tex/latex/lm/omllmm.fd
File: omllmm.fd 2009/10/30 v1.6 Font defs for Latin Modern
)
LaTeX Font Info:    Try loading font information for OMS+lmsy on input line 107
.
(/usr/local/texlive/2018/texmf-dist/tex/latex/lm/omslmsy.fd
File: omslmsy.fd 2009/10/30 v1.6 Font defs for Latin Modern
)
LaTeX Font Info:    Try loading font information for OMX+lmex on input line 107
.
(/usr/local/texlive/2018/texmf-dist/tex/latex/lm/omxlmex.fd
File: omxlmex.fd 2009/10/30 v1.6 Font defs for Latin Modern
)
LaTeX Font Info:    External font `lmex10' loaded for size
(Font)              <14.4> on input line 107.
LaTeX Font Info:    External font `lmex10' loaded for size
(Font)              <10> on input line 107.
LaTeX Font Info:    External font `lmex10' loaded for size
(Font)              <7> on input line 107.
LaTeX Font Info:    Try loading font information for U+msa on input line 107.
(/usr/local/texlive/2018/texmf-dist/tex/latex/amsfonts/umsa.fd
File: umsa.fd 2013/01/14 v3.01 AMS symbols A
) (/usr/local/texlive/2018/texmf-dist/tex/latex/microtype/mt-msa.cfg
File: mt-msa.cfg 2006/02/04 v1.1 microtype config. file: AMS symbols (a) (RS)
)
LaTeX Font Info:    Try loading font information for U+msb on input line 107.
(/usr/local/texlive/2018/texmf-dist/tex/latex/amsfonts/umsb.fd
File: umsb.fd 2013/01/14 v3.01 AMS symbols B
) (/usr/local/texlive/2018/texmf-dist/tex/latex/microtype/mt-msb.cfg
File: mt-msb.cfg 2005/06/01 v1.0 microtype config. file: AMS symbols (b) (RS)
) [1

{/usr/local/texlive/2018/texmf-var/fonts/map/pdftex/updmap/pdftex.map}]
LaTeX Font Info:    External font `lmex10' loaded for size
(Font)              <12> on input line 116.
LaTeX Font Info:    External font `lmex10' loaded for size
(Font)              <8> on input line 116.
LaTeX Font Info:    External font `lmex10' loaded for size
(Font)              <6> on input line 116.
[2]
<../Figures/cropland3.png, id=81, 650.43pt x 383.031pt>
File: ../Figures/cropland3.png Graphic file (type png)
<use ../Figures/cropland3.png>
Package pdftex.def Info: ../Figures/cropland3.png  used on input line 192.
(pdftex.def)             Requested size: 469.76817pt x 276.64125pt.
[3pdfTeX warning (ext4): destination with the same identifier (name{figure.1}) 
has been already used, duplicate ignored

\AtBegShi@Output ...ipout \box \AtBeginShipoutBox 
                                                  \fi \fi 
l.200 
       <../Figures/cropland3.png>] [4]
LaTeX Font Info:    Try loading font information for T1+lmtt on input line 262.

(/usr/local/texlive/2018/texmf-dist/tex/latex/lm/t1lmtt.fd
File: t1lmtt.fd 2009/10/30 v1.6 Font defs for Latin Modern
)
LaTeX Font Info:    Try loading font information for TS1+lmr on input line 286.

(/usr/local/texlive/2018/texmf-dist/tex/latex/lm/ts1lmr.fd
File: ts1lmr.fd 2009/10/30 v1.6 Font defs for Latin Modern
)
<../Figures/site_map.png, id=104, 650.43pt x 383.031pt>
File: ../Figures/site_map.png Graphic file (type png)
<use ../Figures/site_map.png>
Package pdftex.def Info: ../Figures/site_map.png  used on input line 316.
(pdftex.def)             Requested size: 469.76817pt x 276.64125pt.
[5] [6pdfTeX warning (ext4): destination with the same identifier (name{figure.
2}) has been already used, duplicate ignored

\AtBegShi@Output ...ipout \box \AtBeginShipoutBox 
                                                  \fi \fi 
l.319 \newpage
               <../Figures/site_map.png (PNG copy)>]
<../Figures/Nitrogenhist.png, id=121, 576.65437pt x 381.67593pt>
File: ../Figures/Nitrogenhist.png Graphic file (type png)
<use ../Figures/Nitrogenhist.png>
Package pdftex.def Info: ../Figures/Nitrogenhist.png  used on input line 334.
(pdftex.def)             Requested size: 469.77118pt x 310.9321pt.
<Missouri-Reasearch-Project---FINAL_files/figure-latex/dataexample-1.pdf, id=12
3, 463.7325pt x 313.17pt>
File: Missouri-Reasearch-Project---FINAL_files/figure-latex/dataexample-1.pdf G
raphic file (type pdf)
<use Missouri-Reasearch-Project---FINAL_files/figure-latex/dataexample-1.pdf>
Package pdftex.def Info: Missouri-Reasearch-Project---FINAL_files/figure-latex/
dataexample-1.pdf  used on input line 342.
(pdftex.def)             Requested size: 463.73842pt x 313.174pt.
[7pdfTeX warning (ext4): destination with the same identifier (name{figure.3}) 
has been already used, duplicate ignored

\AtBegShi@Output ...ipout \box \AtBeginShipoutBox 
                                                  \fi \fi 
l.344 
       <../Figures/Nitrogenhist.png>] [8pdfTeX warning (ext4): destination with
 the same identifier (name{figure.4}) has been already used, duplicate ignored

\AtBegShi@Output ...ipout \box \AtBeginShipoutBox 
                                                  \fi \fi 
l.372 
       <./Missouri-Reasearch-Project---FINAL_files/figure-latex/dataexample-1.p
df>]
<../Figures/discharge.png, id=148, 1011.78pt x 650.43pt>
File: ../Figures/discharge.png Graphic file (type png)
<use ../Figures/discharge.png>
Package pdftex.def Info: ../Figures/discharge.png  used on input line 374.
(pdftex.def)             Requested size: 469.76266pt x 301.99028pt.
<../Figures/sd_year.png, id=151, 1011.78pt x 650.43pt>
File: ../Figures/sd_year.png Graphic file (type png)
<use ../Figures/sd_year.png>
Package pdftex.def Info: ../Figures/sd_year.png  used on input line 399.
(pdftex.def)             Requested size: 469.76266pt x 301.99028pt.
[9pdfTeX warning (ext4): destination with the same identifier (name{figure.5}) 
has been already used, duplicate ignored

\AtBegShi@Output ...ipout \box \AtBeginShipoutBox 
                                                  \fi \fi 
l.400 \end{figure}
                   <../Figures/discharge.png>] [10pdfTeX warning (ext4): destin
ation with the same identifier (name{figure.6}) has been already used, duplicat
e ignored

\AtBegShi@Output ...ipout \box \AtBeginShipoutBox 
                                                  \fi \fi 
l.448 \end{longtable}
                      <../Figures/sd_year.png>]
Overfull \hbox (0.91885pt too wide) in paragraph at lines 490--491
 \T1/lmr/m/n/12 (-20) Name| 
 []


Overfull \hbox (7.73203pt too wide) in paragraph at lines 492--493
 \T1/lmr/m/n/12 (-20) Number| 
 []


Overfull \hbox (11.25298pt too wide) in paragraph at lines 494--495
 []\T1/lmr/m/n/12 (-20) Discharge 
 []


Overfull \hbox (6.23512pt too wide) in paragraph at lines 498--499
 []\T1/lmr/m/n/12 (-20) Nitrogen 
 []


Overfull \hbox (16.22496pt too wide) in paragraph at lines 502--503
 []\T1/lmr/m/n/12 (-20) Phosphorus 
 []


Overfull \hbox (2.68008pt too wide) in paragraph at lines 509--510
 []\T1/lmr/m/n/12 (-20) Platte 
 []


Overfull \hbox (13.17363pt too wide) in paragraph at lines 511--512
 []\T1/lmr/m/n/12 (-20) 06768000| 
 []


Overfull \hbox (3.10039pt too wide) in paragraph at lines 513--514
 []\T1/lmr/m/n/12 (-20) Increase| 
 []


Overfull \hbox (6.46082pt too wide) in paragraph at lines 517--518
 []\T1/lmr/m/n/12 (-20) Decrease| 
 []


Overfull \hbox (1.76584pt too wide) in paragraph at lines 521--522
 []\T1/lmr/m/n/12 (-20) Decrease| 
 []


Overfull \hbox (2.68008pt too wide) in paragraph at lines 526--527
 []\T1/lmr/m/n/12 (-20) Platte 
 []


Overfull \hbox (21.26277pt too wide) in paragraph at lines 526--527
 \T1/lmr/m/n/12 (-20) Louisville, 
 []


Overfull \hbox (13.17363pt too wide) in paragraph at lines 528--529
 []\T1/lmr/m/n/12 (-20) 06805500| 
 []


Overfull \hbox (3.10039pt too wide) in paragraph at lines 530--531
 []\T1/lmr/m/n/12 (-20) Increase| 
 []


Overfull \hbox (3.10039pt too wide) in paragraph at lines 534--535
 []\T1/lmr/m/n/12 (-20) Increase| 
 []


Overfull \hbox (6.90341pt too wide) in paragraph at lines 543--544
 []\T1/lmr/m/n/12 (-20) Dismal 
 []


Overfull \hbox (13.17363pt too wide) in paragraph at lines 545--546
 []\T1/lmr/m/n/12 (-20) 06775900| 
 []


Overfull \hbox (3.10039pt too wide) in paragraph at lines 547--548
 []\T1/lmr/m/n/12 (-20) Increase| 
 []


Overfull \hbox (6.46082pt too wide) in paragraph at lines 551--552
 []\T1/lmr/m/n/12 (-20) Decrease| 
 []


Overfull \hbox (1.76584pt too wide) in paragraph at lines 555--556
 []\T1/lmr/m/n/12 (-20) Decrease| 
 []


Overfull \hbox (5.64236pt too wide) in paragraph at lines 560--561
 []\T1/lmr/m/n/12 (-20) Beaver 
 []


Overfull \hbox (0.6171pt too wide) in paragraph at lines 560--561
 \T1/lmr/m/n/12 (-20) Creek 
 []


Overfull \hbox (5.44588pt too wide) in paragraph at lines 560--561
 \T1/lmr/m/n/12 (-20) Genoa, 
 []


Overfull \hbox (13.17363pt too wide) in paragraph at lines 562--563
 []\T1/lmr/m/n/12 (-20) 06794000| 
 []


Overfull \hbox (3.10039pt too wide) in paragraph at lines 564--565
 []\T1/lmr/m/n/12 (-20) Increase| 
 []


Overfull \hbox (3.10039pt too wide) in paragraph at lines 568--569
 []\T1/lmr/m/n/12 (-20) Increase| 
 []


Overfull \hbox (2.83865pt too wide) in paragraph at lines 577--578
 []\T1/lmr/m/n/12 (-20) Maple 
 []


Overfull \hbox (0.6171pt too wide) in paragraph at lines 577--578
 \T1/lmr/m/n/12 (-20) Creek 
 []


Overfull \hbox (13.17363pt too wide) in paragraph at lines 579--580
 []\T1/lmr/m/n/12 (-20) 06800000| 
 []


Overfull \hbox (3.10039pt too wide) in paragraph at lines 581--582
 []\T1/lmr/m/n/12 (-20) Increase| 
 []


Overfull \hbox (3.10039pt too wide) in paragraph at lines 585--586
 []\T1/lmr/m/n/12 (-20) Increase| 
 []


Overfull \hbox (11.95694pt too wide) in paragraph at lines 594--595
 []\T1/lmr/m/n/12 (-20) Elkhorn 
 []


Overfull \hbox (13.17363pt too wide) in paragraph at lines 596--597
 []\T1/lmr/m/n/12 (-20) 06800500| 
 []


Overfull \hbox (3.10039pt too wide) in paragraph at lines 598--599
 []\T1/lmr/m/n/12 (-20) Increase| 
 []


Overfull \hbox (3.10039pt too wide) in paragraph at lines 602--603
 []\T1/lmr/m/n/12 (-20) Increase| 
 []


Overfull \hbox (14.48174pt too wide) in paragraph at lines 611--612
 []\T1/lmr/m/n/12 (-20) Missouri 
 []


Overfull \hbox (13.17363pt too wide) in paragraph at lines 613--614
 []\T1/lmr/m/n/12 (-20) 06610000| 
 []


Overfull \hbox (3.10039pt too wide) in paragraph at lines 615--616
 []\T1/lmr/m/n/12 (-20) Increase| 
 []


Overfull \hbox (3.10039pt too wide) in paragraph at lines 619--620
 []\T1/lmr/m/n/12 (-20) Increase| 
 []


Overfull \hbox (0.52483pt too wide) in paragraph at lines 628--629
 []\T1/lmr/m/n/12 (-20) Boyer 
 []


Overfull \hbox (13.17363pt too wide) in paragraph at lines 630--631
 []\T1/lmr/m/n/12 (-20) 06609500| 
 []


Overfull \hbox (3.10039pt too wide) in paragraph at lines 632--633
 []\T1/lmr/m/n/12 (-20) Increase| 
 []


Overfull \hbox (6.46082pt too wide) in paragraph at lines 636--637
 []\T1/lmr/m/n/12 (-20) Decrease| 
 []


Overfull \hbox (35.85489pt too wide) in paragraph at lines 645--646
 []\T1/lmr/m/n/12 (-20) Nishnabotna 
 []


Overfull \hbox (0.59685pt too wide) in paragraph at lines 645--646
 \T1/lmr/m/n/12 (-20) above 
 []


Overfull \hbox (13.17363pt too wide) in paragraph at lines 647--648
 []\T1/lmr/m/n/12 (-20) 06810000| 
 []


Overfull \hbox (3.10039pt too wide) in paragraph at lines 649--650
 []\T1/lmr/m/n/12 (-20) Increase| 
 []


Overfull \hbox (6.46082pt too wide) in paragraph at lines 653--654
 []\T1/lmr/m/n/12 (-20) Decrease| 
 []


Overfull \hbox (14.48174pt too wide) in paragraph at lines 662--663
 []\T1/lmr/m/n/12 (-20) Missouri 
 []


Overfull \hbox (24.19362pt too wide) in paragraph at lines 662--663
 \T1/lmr/m/n/12 (-20) St. Joseph, 
 []


Overfull \hbox (13.17363pt too wide) in paragraph at lines 664--665
 []\T1/lmr/m/n/12 (-20) 06818000| 
 []


Overfull \hbox (3.10039pt too wide) in paragraph at lines 666--667
 []\T1/lmr/m/n/12 (-20) Increase| 
 []


Overfull \hbox (3.10039pt too wide) in paragraph at lines 670--671
 []\T1/lmr/m/n/12 (-20) Increase| 
 []


Overfull \hbox (28.2696pt too wide) in paragraph at lines 679--680
 []\T1/lmr/m/n/12 (-20) Republican 
 []


Overfull \hbox (13.17363pt too wide) in paragraph at lines 681--682
 []\T1/lmr/m/n/12 (-20) 06844500| 
 []


Overfull \hbox (6.46082pt too wide) in paragraph at lines 683--684
 []\T1/lmr/m/n/12 (-20) Decrease| 
 []


Overfull \hbox (3.10039pt too wide) in paragraph at lines 687--688
 []\T1/lmr/m/n/12 (-20) Increase| 
 []


Overfull \hbox (1.76584pt too wide) in paragraph at lines 691--692
 []\T1/lmr/m/n/12 (-20) Decrease| 
 []


Overfull \hbox (49.67433pt too wide) in paragraph at lines 696--697
 []\T1/lmr/m/n/12 (-20) REPUBLICAN 
 []


Overfull \hbox (3.17653pt too wide) in paragraph at lines 696--697
 \T1/lmr/m/n/12 (-20) CLAY 
 []


Overfull \hbox (13.17363pt too wide) in paragraph at lines 698--699
 []\T1/lmr/m/n/12 (-20) 06856600| 
 []


Overfull \hbox (6.46082pt too wide) in paragraph at lines 700--701
 []\T1/lmr/m/n/12 (-20) Decrease| 
 []


Overfull \hbox (6.46082pt too wide) in paragraph at lines 704--705
 []\T1/lmr/m/n/12 (-20) Decrease| 
 []


Overfull \hbox (1.76584pt too wide) in paragraph at lines 708--709
 []\T1/lmr/m/n/12 (-20) Decrease| 
 []


Overfull \hbox (14.87053pt too wide) in paragraph at lines 713--714
 []\T1/lmr/m/n/12 (-20) SMOKY 
 []


Overfull \hbox (8.07623pt too wide) in paragraph at lines 713--714
 \T1/lmr/m/n/12 (-20) PRISE, 
 []


Overfull \hbox (13.17363pt too wide) in paragraph at lines 715--716
 []\T1/lmr/m/n/12 (-20) 06877600| 
 []


Overfull \hbox (6.46082pt too wide) in paragraph at lines 717--718
 []\T1/lmr/m/n/12 (-20) Decrease| 
 []


Overfull \hbox (6.46082pt too wide) in paragraph at lines 721--722
 []\T1/lmr/m/n/12 (-20) Decrease| 
 []


Overfull \hbox (31.46008pt too wide) in paragraph at lines 730--731
 \T1/lmr/m/n/12 (-20) SOLOMON 
 []


Overfull \hbox (15.43263pt too wide) in paragraph at lines 730--731
 \T1/lmr/m/n/12 (-20) BORNE, 
 []


Overfull \hbox (13.17363pt too wide) in paragraph at lines 732--733
 []\T1/lmr/m/n/12 (-20) 06874000| 
 []


Overfull \hbox (6.46082pt too wide) in paragraph at lines 734--735
 []\T1/lmr/m/n/12 (-20) Decrease| 
 []


Overfull \hbox (6.46082pt too wide) in paragraph at lines 738--739
 []\T1/lmr/m/n/12 (-20) Decrease| 
 []


Overfull \hbox (1.76584pt too wide) in paragraph at lines 742--743
 []\T1/lmr/m/n/12 (-20) Decrease| 
 []


Overfull \hbox (19.4585pt too wide) in paragraph at lines 747--748
 []\T1/lmr/m/n/12 (-20) KANSAS 
 []


Overfull \hbox (28.31596pt too wide) in paragraph at lines 747--748
 \T1/lmr/m/n/12 (-20) WAMEGO, 
 []


Overfull \hbox (13.17363pt too wide) in paragraph at lines 749--750
 []\T1/lmr/m/n/12 (-20) 06887500| 
 []


Overfull \hbox (3.10039pt too wide) in paragraph at lines 751--752
 []\T1/lmr/m/n/12 (-20) Increase| 
 []


Overfull \hbox (3.10039pt too wide) in paragraph at lines 755--756
 []\T1/lmr/m/n/12 (-20) Increase| 
 []


Overfull \hbox (19.4585pt too wide) in paragraph at lines 764--765
 []\T1/lmr/m/n/12 (-20) KANSAS 
 []


Overfull \hbox (13.17363pt too wide) in paragraph at lines 766--767
 []\T1/lmr/m/n/12 (-20) 06892350| 
 []


Overfull \hbox (3.10039pt too wide) in paragraph at lines 768--769
 []\T1/lmr/m/n/12 (-20) Increase| 
 []


Overfull \hbox (3.10039pt too wide) in paragraph at lines 772--773
 []\T1/lmr/m/n/12 (-20) Increase| 
 []


Overfull \hbox (3.88074pt too wide) in paragraph at lines 781--782
 []\T1/lmr/m/n/12 (-20) Grand 
 []


Overfull \hbox (13.17363pt too wide) in paragraph at lines 783--784
 []\T1/lmr/m/n/12 (-20) 06902000| 
 []


Overfull \hbox (3.10039pt too wide) in paragraph at lines 785--786
 []\T1/lmr/m/n/12 (-20) Increase| 
 []


Overfull \hbox (6.46082pt too wide) in paragraph at lines 789--790
 []\T1/lmr/m/n/12 (-20) Decrease| 
 []


Overfull \hbox (16.59654pt too wide) in paragraph at lines 798--799
 []\T1/lmr/m/n/12 (-20) Chariton 
 []


Overfull \hbox (5.8788pt too wide) in paragraph at lines 798--799
 \T1/lmr/m/n/12 (-20) Prairie 
 []


Overfull \hbox (13.17363pt too wide) in paragraph at lines 800--801
 []\T1/lmr/m/n/12 (-20) 06905500| 
 []


Overfull \hbox (3.10039pt too wide) in paragraph at lines 802--803
 []\T1/lmr/m/n/12 (-20) Increase| 
 []


Overfull \hbox (6.46082pt too wide) in paragraph at lines 806--807
 []\T1/lmr/m/n/12 (-20) Decrease| 
 []


Overfull \hbox (9.39139pt too wide) in paragraph at lines 815--816
 []\T1/lmr/m/n/12 (-20) Pomme 
 []


Overfull \hbox (13.17363pt too wide) in paragraph at lines 817--818
 []\T1/lmr/m/n/12 (-20) 06921070| 
 []


Overfull \hbox (3.10039pt too wide) in paragraph at lines 819--820
 []\T1/lmr/m/n/12 (-20) Increase| 
 []


Overfull \hbox (6.46082pt too wide) in paragraph at lines 823--824
 []\T1/lmr/m/n/12 (-20) Decrease| 
 []


Overfull \hbox (1.76584pt too wide) in paragraph at lines 827--828
 []\T1/lmr/m/n/12 (-20) Decrease| 
 []


Overfull \hbox (1.94655pt too wide) in paragraph at lines 832--833
 []\T1/lmr/m/n/12 (-20) Osage 
 []


Overfull \hbox (30.43329pt too wide) in paragraph at lines 832--833
 \T1/lmr/m/n/12 (-20) St. Thomas, 
 []


Overfull \hbox (13.17363pt too wide) in paragraph at lines 834--835
 []\T1/lmr/m/n/12 (-20) 06926510| 
 []


Overfull \hbox (3.10039pt too wide) in paragraph at lines 836--837
 []\T1/lmr/m/n/12 (-20) Increase| 
 []


Overfull \hbox (6.46082pt too wide) in paragraph at lines 840--841
 []\T1/lmr/m/n/12 (-20) Decrease| 
 []

[11]
Overfull \hbox (13.17363pt too wide) in paragraph at lines 851--852
 []\T1/lmr/m/n/12 (-20) 06894000| 
 []


Overfull \hbox (3.10039pt too wide) in paragraph at lines 853--854
 []\T1/lmr/m/n/12 (-20) Increase| 
 []


Overfull \hbox (6.46082pt too wide) in paragraph at lines 857--858
 []\T1/lmr/m/n/12 (-20) Decrease| 
 []


Overfull \hbox (1.76584pt too wide) in paragraph at lines 861--862
 []\T1/lmr/m/n/12 (-20) Decrease| 
 []


Overfull \hbox (14.48174pt too wide) in paragraph at lines 866--867
 []\T1/lmr/m/n/12 (-20) Missouri 
 []


Overfull \hbox (1.52983pt too wide) in paragraph at lines 866--867
 \T1/lmr/m/n/12 (-20) mann, 
 []


Overfull \hbox (13.17363pt too wide) in paragraph at lines 868--869
 []\T1/lmr/m/n/12 (-20) 06934500| 
 []


Overfull \hbox (3.10039pt too wide) in paragraph at lines 870--871
 []\T1/lmr/m/n/12 (-20) Increase| 
 []


Overfull \hbox (3.10039pt too wide) in paragraph at lines 874--875
 []\T1/lmr/m/n/12 (-20) Increase| 
 []

[12] [13] [14] [15]

LaTeX Warning: Reference `fig:RandolphStorm' on page 16 undefined on input line
 943.

[16]
<Missouri-Reasearch-Project---FINAL_files/figure-latex/Randolphstorm-1.pdf, id=
198, 457.71pt x 316.18124pt>
File: Missouri-Reasearch-Project---FINAL_files/figure-latex/Randolphstorm-1.pdf
 Graphic file (type pdf)
<use Missouri-Reasearch-Project---FINAL_files/figure-latex/Randolphstorm-1.pdf>

Package pdftex.def Info: Missouri-Reasearch-Project---FINAL_files/figure-latex/
Randolphstorm-1.pdf  used on input line 1034.
(pdftex.def)             Requested size: 457.72984pt x 316.19493pt.
[17pdfTeX warning (ext4): destination with the same identifier (name{figure.7})
 has been already used, duplicate ignored

\AtBegShi@Output ...ipout \box \AtBeginShipoutBox 
                                                  \fi \fi 
l.1057 
        <./Missouri-Reasearch-Project---FINAL_files/figure-latex/Randolphstorm-
1.pdf>] [18]
Overfull \hbox (5.61383pt too wide) in paragraph at lines 1162--1163
 \T1/lmr/m/n/12 (-20) Name| 
 []


Overfull \hbox (12.43416pt too wide) in paragraph at lines 1164--1165
 \T1/lmr/m/n/12 (-20) Number| 
 []


Overfull \hbox (24.38016pt too wide) in paragraph at lines 1166--1167
 []\T1/lmr/m/n/12 (-20) Dec. 2019| 
 []


Overfull \hbox (27.8174pt too wide) in paragraph at lines 1168--1169
 []\T1/lmr/m/n/12 (-20) Jan. 2020| 
 []


Overfull \hbox (23.401pt too wide) in paragraph at lines 1170--1171
 []\T1/lmr/m/n/12 (-20) Feb. 2020| 
 []


Overfull \hbox (26.13765pt too wide) in paragraph at lines 1172--1173
 []\T1/lmr/m/n/12 (-20) Mar. 2020| 
 []


Overfull \hbox (24.42303pt too wide) in paragraph at lines 1174--1175
 []\T1/lmr/m/n/12 (-20) Apr. 2020| 
 []


Overfull \hbox (2.83844pt too wide) in paragraph at lines 1176--1177
 []\T1/lmr/m/n/12 (-20) May 
 []


Overfull \hbox (3.94917pt too wide) in paragraph at lines 1176--1177
 \T1/lmr/m/n/12 (-20) 2020| 
 []


Overfull \hbox (25.37617pt too wide) in paragraph at lines 1182--1183
 []\T1/lmr/m/n/12 (-20) Aug. 2020| 
 []


Overfull \hbox (27.7409pt too wide) in paragraph at lines 1184--1185
 []\T1/lmr/m/n/12 (-20) Sept. 2020| 
 []


Overfull \hbox (28.60442pt too wide) in paragraph at lines 1186--1187
 []\T1/lmr/m/n/12 (-20) Oct. 2020| 
 []


Overfull \hbox (30.19312pt too wide) in paragraph at lines 1188--1189
 []\T1/lmr/m/n/12 (-20) Nov. 2020| 
 []


Overfull \hbox (0.97975pt too wide) in alignment at lines 1159--1191
 [] [] [] [] [] [] [] [] [] [] [] [] [] [] 
 []


Overfull \hbox (7.37506pt too wide) in paragraph at lines 1193--1194
 []\T1/lmr/m/n/12 (-20) Platte 
 []


Overfull \hbox (3.3069pt too wide) in paragraph at lines 1193--1194
 \T1/lmr/m/n/12 (-20) River 
 []


Overfull \hbox (2.68971pt too wide) in paragraph at lines 1193--1194
 \T1/lmr/m/n/12 (-20) Over- 
 []


Overfull \hbox (4.33427pt too wide) in paragraph at lines 1193--1194
 \T1/lmr/m/n/12 (-20) Nebr.| 
 []


Overfull \hbox (17.87576pt too wide) in paragraph at lines 1195--1196
 []\T1/lmr/m/n/12 (-20) 06768000| 
 []


Overfull \hbox (19.71822pt too wide) in paragraph at lines 1197--1198
 []\T1/lmr/m/n/12 (-20) 2019.992| 
 []


Overfull \hbox (24.12662pt too wide) in paragraph at lines 1199--1200
 []\T1/lmr/m/n/12 (-20) 1942.129| 
 []


Overfull \hbox (19.42447pt too wide) in paragraph at lines 1201--1202
 []\T1/lmr/m/n/12 (-20) 1929.816| 
 []


Overfull \hbox (19.71822pt too wide) in paragraph at lines 1203--1204
 []\T1/lmr/m/n/12 (-20) 2040.176| 
 []


Overfull \hbox (19.71822pt too wide) in paragraph at lines 1205--1206
 []\T1/lmr/m/n/12 (-20) 2032.186| 
 []


Overfull \hbox (24.12662pt too wide) in paragraph at lines 1207--1208
 []\T1/lmr/m/n/12 (-20) 1990.873| 
 []


Overfull \hbox (19.71822pt too wide) in paragraph at lines 1209--1210
 []\T1/lmr/m/n/12 (-20) 2023.824| 
 []


Overfull \hbox (13.96072pt too wide) in paragraph at lines 1211--1212
 []\T1/lmr/m/n/12 (-20) 2008.55| 
 []


Overfull \hbox (19.42447pt too wide) in paragraph at lines 1213--1214
 []\T1/lmr/m/n/12 (-20) 1928.585| 
 []


Overfull \hbox (19.42447pt too wide) in paragraph at lines 1215--1216
 []\T1/lmr/m/n/12 (-20) 1996.895| 
 []


Overfull \hbox (18.36913pt too wide) in paragraph at lines 1217--1218
 []\T1/lmr/m/n/12 (-20) 1979.38| 
 []


Overfull \hbox (24.42036pt too wide) in paragraph at lines 1219--1220
 []\T1/lmr/m/n/12 (-20) 2026.699| 
 []


Overfull \hbox (7.37506pt too wide) in paragraph at lines 1222--1223
 []\T1/lmr/m/n/12 (-20) Platte 
 []


Overfull \hbox (3.3069pt too wide) in paragraph at lines 1222--1223
 \T1/lmr/m/n/12 (-20) River 
 []


Overfull \hbox (25.95775pt too wide) in paragraph at lines 1222--1223
 \T1/lmr/m/n/12 (-20) Louisville, 
 []


Overfull \hbox (4.33427pt too wide) in paragraph at lines 1222--1223
 \T1/lmr/m/n/12 (-20) Nebr.| 
 []


Overfull \hbox (17.87576pt too wide) in paragraph at lines 1224--1225
 []\T1/lmr/m/n/12 (-20) 06805500| 
 []


Overfull \hbox (13.66698pt too wide) in paragraph at lines 1226--1227
 []\T1/lmr/m/n/12 (-20) 14060.7| 
 []


Overfull \hbox (24.12662pt too wide) in paragraph at lines 1228--1229
 []\T1/lmr/m/n/12 (-20) 12802.25| 
 []


Overfull \hbox (19.42447pt too wide) in paragraph at lines 1230--1231
 []\T1/lmr/m/n/12 (-20) 12845.87| 
 []


Overfull \hbox (19.71822pt too wide) in paragraph at lines 1232--1233
 []\T1/lmr/m/n/12 (-20) 23729.49| 
 []


Overfull \hbox (19.42447pt too wide) in paragraph at lines 1234--1235
 []\T1/lmr/m/n/12 (-20) 15056.78| 
 []


Overfull \hbox (24.12662pt too wide) in paragraph at lines 1236--1237
 []\T1/lmr/m/n/12 (-20) 16585.16| 
 []


Overfull \hbox (19.42447pt too wide) in paragraph at lines 1238--1239
 []\T1/lmr/m/n/12 (-20) 18430.86| 
 []


Overfull \hbox (19.42447pt too wide) in paragraph at lines 1240--1241
 []\T1/lmr/m/n/12 (-20) 15168.09| 
 []


Overfull \hbox (19.42447pt too wide) in paragraph at lines 1242--1243
 []\T1/lmr/m/n/12 (-20) 15216.99| 
 []


Overfull \hbox (19.42447pt too wide) in paragraph at lines 1244--1245
 []\T1/lmr/m/n/12 (-20) 14719.46| 
 []


Overfull \hbox (24.12662pt too wide) in paragraph at lines 1246--1247
 []\T1/lmr/m/n/12 (-20) 13635.78| 
 []


Overfull \hbox (24.12662pt too wide) in paragraph at lines 1248--1249
 []\T1/lmr/m/n/12 (-20) 12780.16| 
 []


Overfull \hbox (11.59839pt too wide) in paragraph at lines 1251--1252
 []\T1/lmr/m/n/12 (-20) Dismal 
 []


Overfull \hbox (3.3069pt too wide) in paragraph at lines 1251--1252
 \T1/lmr/m/n/12 (-20) River 
 []


Overfull \hbox (4.19258pt too wide) in paragraph at lines 1251--1252
 \T1/lmr/m/n/12 (-20) Thed- 
 []


Overfull \hbox (4.33427pt too wide) in paragraph at lines 1251--1252
 \T1/lmr/m/n/12 (-20) Nebr.| 
 []


Overfull \hbox (17.87576pt too wide) in paragraph at lines 1253--1254
 []\T1/lmr/m/n/12 (-20) 06775900| 
 []


Overfull \hbox (19.71822pt too wide) in paragraph at lines 1255--1256
 []\T1/lmr/m/n/12 (-20) 239.2089| 
 []


Overfull \hbox (24.42036pt too wide) in paragraph at lines 1257--1258
 []\T1/lmr/m/n/12 (-20) 238.9801| 
 []


Overfull \hbox (19.71822pt too wide) in paragraph at lines 1259--1260
 []\T1/lmr/m/n/12 (-20) 238.3116| 
 []


Overfull \hbox (19.71822pt too wide) in paragraph at lines 1261--1262
 []\T1/lmr/m/n/12 (-20) 239.5916| 
 []


Overfull \hbox (19.71822pt too wide) in paragraph at lines 1263--1264
 []\T1/lmr/m/n/12 (-20) 240.5232| 
 []


Overfull \hbox (24.42036pt too wide) in paragraph at lines 1265--1266
 []\T1/lmr/m/n/12 (-20) 242.5456| 
 []


Overfull \hbox (19.71822pt too wide) in paragraph at lines 1267--1268
 []\T1/lmr/m/n/12 (-20) 242.0369| 
 []


Overfull \hbox (19.71822pt too wide) in paragraph at lines 1269--1270
 []\T1/lmr/m/n/12 (-20) 241.6409| 
 []


Overfull \hbox (19.71822pt too wide) in paragraph at lines 1271--1272
 []\T1/lmr/m/n/12 (-20) 242.0486| 
 []


Overfull \hbox (19.71822pt too wide) in paragraph at lines 1273--1274
 []\T1/lmr/m/n/12 (-20) 242.2389| 
 []


Overfull \hbox (24.42036pt too wide) in paragraph at lines 1275--1276
 []\T1/lmr/m/n/12 (-20) 241.9548| 
 []


Overfull \hbox (24.42036pt too wide) in paragraph at lines 1277--1278
 []\T1/lmr/m/n/12 (-20) 240.2764| 
 []


Overfull \hbox (10.33734pt too wide) in paragraph at lines 1280--1281
 []\T1/lmr/m/n/12 (-20) Beaver 
 []


Overfull \hbox (5.31207pt too wide) in paragraph at lines 1280--1281
 \T1/lmr/m/n/12 (-20) Creek 
 []


Overfull \hbox (10.14085pt too wide) in paragraph at lines 1280--1281
 \T1/lmr/m/n/12 (-20) Genoa, 
 []


Overfull \hbox (4.33427pt too wide) in paragraph at lines 1280--1281
 \T1/lmr/m/n/12 (-20) Nebr.| 
 []


Overfull \hbox (17.87576pt too wide) in paragraph at lines 1282--1283
 []\T1/lmr/m/n/12 (-20) 06794000| 
 []


Overfull \hbox (19.42447pt too wide) in paragraph at lines 1284--1285
 []\T1/lmr/m/n/12 (-20) 148.0349| 
 []


Overfull \hbox (24.12662pt too wide) in paragraph at lines 1286--1287
 []\T1/lmr/m/n/12 (-20) 129.4563| 
 []


Overfull \hbox (19.42447pt too wide) in paragraph at lines 1288--1289
 []\T1/lmr/m/n/12 (-20) 129.6965| 
 []


Overfull \hbox (19.71822pt too wide) in paragraph at lines 1290--1291
 []\T1/lmr/m/n/12 (-20) 327.3795| 
 []


Overfull \hbox (19.42447pt too wide) in paragraph at lines 1292--1293
 []\T1/lmr/m/n/12 (-20) 165.0577| 
 []


Overfull \hbox (12.61163pt too wide) in paragraph at lines 1294--1295
 []\T1/lmr/m/n/12 (-20) 190.15| 
 []


Overfull \hbox (13.66698pt too wide) in paragraph at lines 1296--1297
 []\T1/lmr/m/n/12 (-20) 189.022| 
 []


Overfull \hbox (19.42447pt too wide) in paragraph at lines 1298--1299
 []\T1/lmr/m/n/12 (-20) 172.7318| 
 []


Overfull \hbox (19.42447pt too wide) in paragraph at lines 1300--1301
 []\T1/lmr/m/n/12 (-20) 157.0474| 
 []


Overfull \hbox (19.42447pt too wide) in paragraph at lines 1302--1303
 []\T1/lmr/m/n/12 (-20) 146.7917| 
 []


Overfull \hbox (24.12662pt too wide) in paragraph at lines 1304--1305
 []\T1/lmr/m/n/12 (-20) 151.0374| 
 []


Overfull \hbox (24.12662pt too wide) in paragraph at lines 1306--1307
 []\T1/lmr/m/n/12 (-20) 136.0562| 
 []


Overfull \hbox (7.53363pt too wide) in paragraph at lines 1309--1310
 []\T1/lmr/m/n/12 (-20) Maple 
 []


Overfull \hbox (5.31207pt too wide) in paragraph at lines 1309--1310
 \T1/lmr/m/n/12 (-20) Creek 
 []


Overfull \hbox (1.08609pt too wide) in paragraph at lines 1309--1310
 \T1/lmr/m/n/12 (-20) Nick- 
 []


Overfull \hbox (4.33427pt too wide) in paragraph at lines 1309--1310
 \T1/lmr/m/n/12 (-20) Nebr.| 
 []


Overfull \hbox (17.87576pt too wide) in paragraph at lines 1311--1312
 []\T1/lmr/m/n/12 (-20) 06800000| 
 []


Overfull \hbox (19.42447pt too wide) in paragraph at lines 1313--1314
 []\T1/lmr/m/n/12 (-20) 173.1581| 
 []


Overfull \hbox (24.12662pt too wide) in paragraph at lines 1315--1316
 []\T1/lmr/m/n/12 (-20) 150.6924| 
 []


Overfull \hbox (19.42447pt too wide) in paragraph at lines 1317--1318
 []\T1/lmr/m/n/12 (-20) 141.7451| 
 []


Overfull \hbox (13.96072pt too wide) in paragraph at lines 1319--1320
 []\T1/lmr/m/n/12 (-20) 313.545| 
 []


Overfull \hbox (19.42447pt too wide) in paragraph at lines 1321--1322
 []\T1/lmr/m/n/12 (-20) 159.0779| 
 []


Overfull \hbox (24.12662pt too wide) in paragraph at lines 1323--1324
 []\T1/lmr/m/n/12 (-20) 199.5598| 
 []


Overfull \hbox (19.42447pt too wide) in paragraph at lines 1325--1326
 []\T1/lmr/m/n/12 (-20) 187.1167| 
 []


Overfull \hbox (19.42447pt too wide) in paragraph at lines 1327--1328
 []\T1/lmr/m/n/12 (-20) 149.6114| 
 []


Overfull \hbox (19.42447pt too wide) in paragraph at lines 1329--1330
 []\T1/lmr/m/n/12 (-20) 148.6135| 
 []


Overfull \hbox (19.42447pt too wide) in paragraph at lines 1331--1332
 []\T1/lmr/m/n/12 (-20) 149.6721| 
 []


Overfull \hbox (24.12662pt too wide) in paragraph at lines 1333--1334
 []\T1/lmr/m/n/12 (-20) 146.2639| 
 []


Overfull \hbox (24.12662pt too wide) in paragraph at lines 1335--1336
 []\T1/lmr/m/n/12 (-20) 136.3859| 
 []


Overfull \hbox (16.65192pt too wide) in paragraph at lines 1338--1339
 []\T1/lmr/m/n/12 (-20) Elkhorn 
 []


Overfull \hbox (3.3069pt too wide) in paragraph at lines 1338--1339
 \T1/lmr/m/n/12 (-20) River 
 []


Overfull \hbox (4.33427pt too wide) in paragraph at lines 1338--1339
 \T1/lmr/m/n/12 (-20) Nebr.| 
 []


Overfull \hbox (17.87576pt too wide) in paragraph at lines 1340--1341
 []\T1/lmr/m/n/12 (-20) 06800500| 
 []


Overfull \hbox (19.71822pt too wide) in paragraph at lines 1342--1343
 []\T1/lmr/m/n/12 (-20) 2607.337| 
 []


Overfull \hbox (24.42036pt too wide) in paragraph at lines 1344--1345
 []\T1/lmr/m/n/12 (-20) 2598.611| 
 []


Overfull \hbox (19.71822pt too wide) in paragraph at lines 1346--1347
 []\T1/lmr/m/n/12 (-20) 2672.196| 
 []


Overfull \hbox (19.71822pt too wide) in paragraph at lines 1348--1349
 []\T1/lmr/m/n/12 (-20) 3208.066| 
 []


Overfull \hbox (19.71822pt too wide) in paragraph at lines 1350--1351
 []\T1/lmr/m/n/12 (-20) 3341.665| 
 []


Overfull \hbox (24.42036pt too wide) in paragraph at lines 1352--1353
 []\T1/lmr/m/n/12 (-20) 3977.717| 
 []


Overfull \hbox (19.71822pt too wide) in paragraph at lines 1354--1355
 []\T1/lmr/m/n/12 (-20) 3785.948| 
 []


Overfull \hbox (19.71822pt too wide) in paragraph at lines 1356--1357
 []\T1/lmr/m/n/12 (-20) 2912.286| 
 []


Overfull \hbox (19.71822pt too wide) in paragraph at lines 1358--1359
 []\T1/lmr/m/n/12 (-20) 2434.121| 
 []


Overfull \hbox (19.71822pt too wide) in paragraph at lines 1360--1361
 []\T1/lmr/m/n/12 (-20) 3091.355| 
 []


Overfull \hbox (24.42036pt too wide) in paragraph at lines 1362--1363
 []\T1/lmr/m/n/12 (-20) 2733.932| 
 []


Overfull \hbox (24.42036pt too wide) in paragraph at lines 1364--1365
 []\T1/lmr/m/n/12 (-20) 2520.393| 
 []


Overfull \hbox (19.17671pt too wide) in paragraph at lines 1367--1368
 []\T1/lmr/m/n/12 (-20) Missouri 
 []


Overfull \hbox (3.3069pt too wide) in paragraph at lines 1367--1368
 \T1/lmr/m/n/12 (-20) River 
 []


Overfull \hbox (17.87576pt too wide) in paragraph at lines 1369--1370
 []\T1/lmr/m/n/12 (-20) 06610000| 
 []


Overfull \hbox (19.71822pt too wide) in paragraph at lines 1371--1372
 []\T1/lmr/m/n/12 (-20) 70976.66| 
 []


Overfull \hbox (24.71411pt too wide) in paragraph at lines 1373--1374
 []\T1/lmr/m/n/12 (-20) 60591.76| 
 []


Overfull \hbox (20.01196pt too wide) in paragraph at lines 1375--1376
 []\T1/lmr/m/n/12 (-20) 55874.04| 
 []


Overfull \hbox (19.71822pt too wide) in paragraph at lines 1377--1378
 []\T1/lmr/m/n/12 (-20) 73723.59| 
 []


Overfull \hbox (20.01196pt too wide) in paragraph at lines 1379--1380
 []\T1/lmr/m/n/12 (-20) 81113.53| 
 []


Overfull \hbox (24.71411pt too wide) in paragraph at lines 1381--1382
 []\T1/lmr/m/n/12 (-20) 83595.71| 
 []


Overfull \hbox (20.01196pt too wide) in paragraph at lines 1383--1384
 []\T1/lmr/m/n/12 (-20) 90800.91| 
 []


Overfull \hbox (14.25447pt too wide) in paragraph at lines 1385--1386
 []\T1/lmr/m/n/12 (-20) 85219.7| 
 []


Overfull \hbox (19.71822pt too wide) in paragraph at lines 1387--1388
 []\T1/lmr/m/n/12 (-20) 78593.88| 
 []


Overfull \hbox (20.01196pt too wide) in paragraph at lines 1389--1390
 []\T1/lmr/m/n/12 (-20) 80467.92| 
 []


Overfull \hbox (18.66287pt too wide) in paragraph at lines 1391--1392
 []\T1/lmr/m/n/12 (-20) 78227.7| 
 []


Overfull \hbox (24.42036pt too wide) in paragraph at lines 1393--1394
 []\T1/lmr/m/n/12 (-20) 70854.33| 
 []


Overfull \hbox (5.2198pt too wide) in paragraph at lines 1396--1397
 []\T1/lmr/m/n/12 (-20) Boyer 
 []


Overfull \hbox (3.3069pt too wide) in paragraph at lines 1396--1397
 \T1/lmr/m/n/12 (-20) River 
 []


Overfull \hbox (17.87576pt too wide) in paragraph at lines 1398--1399
 []\T1/lmr/m/n/12 (-20) 06609500| 
 []


Overfull \hbox (19.71822pt too wide) in paragraph at lines 1400--1401
 []\T1/lmr/m/n/12 (-20) 708.6843| 
 []


Overfull \hbox (24.71411pt too wide) in paragraph at lines 1402--1403
 []\T1/lmr/m/n/12 (-20) 691.4817| 
 []


Overfull \hbox (20.01196pt too wide) in paragraph at lines 1404--1405
 []\T1/lmr/m/n/12 (-20) 645.5966| 
 []


Overfull \hbox (25.18196pt too wide) in paragraph at lines 1406--1407
 []\T1/lmr/m/n/12 (-20) 1176.8041| 
 []


Overfull \hbox (19.71822pt too wide) in paragraph at lines 1408--1409
 []\T1/lmr/m/n/12 (-20) 714.8702| 
 []


Overfull \hbox (24.71411pt too wide) in paragraph at lines 1410--1411
 []\T1/lmr/m/n/12 (-20) 814.9989| 
 []


Overfull \hbox (14.25447pt too wide) in paragraph at lines 1412--1413
 []\T1/lmr/m/n/12 (-20) 800.516| 
 []


Overfull \hbox (19.71822pt too wide) in paragraph at lines 1414--1415
 []\T1/lmr/m/n/12 (-20) 733.6069| 
 []


Overfull \hbox (20.01196pt too wide) in paragraph at lines 1416--1417
 []\T1/lmr/m/n/12 (-20) 650.3337| 
 []


Overfull \hbox (20.01196pt too wide) in paragraph at lines 1418--1419
 []\T1/lmr/m/n/12 (-20) 655.3034| 
 []


Overfull \hbox (24.42036pt too wide) in paragraph at lines 1420--1421
 []\T1/lmr/m/n/12 (-20) 724.2999| 
 []


Overfull \hbox (24.71411pt too wide) in paragraph at lines 1422--1423
 []\T1/lmr/m/n/12 (-20) 689.9273| 
 []


Overfull \hbox (40.54987pt too wide) in paragraph at lines 1425--1426
 []\T1/lmr/m/n/12 (-20) Nishnabotna 
 []


Overfull \hbox (3.3069pt too wide) in paragraph at lines 1425--1426
 \T1/lmr/m/n/12 (-20) River 
 []


Overfull \hbox (5.29182pt too wide) in paragraph at lines 1425--1426
 \T1/lmr/m/n/12 (-20) above 
 []


Overfull \hbox (2.3724pt too wide) in paragraph at lines 1425--1426
 \T1/lmr/m/n/12 (-20) Ham- 
 []


Overfull \hbox (1.1066pt too wide) in paragraph at lines 1425--1426
 \T1/lmr/m/n/12 (-20) burg, 
 []


Overfull \hbox (17.87576pt too wide) in paragraph at lines 1427--1428
 []\T1/lmr/m/n/12 (-20) 06810000| 
 []


Overfull \hbox (13.96072pt too wide) in paragraph at lines 1429--1430
 []\T1/lmr/m/n/12 (-20) 2422.32| 
 []


Overfull \hbox (24.42036pt too wide) in paragraph at lines 1431--1432
 []\T1/lmr/m/n/12 (-20) 2391.721| 
 []


Overfull \hbox (19.71822pt too wide) in paragraph at lines 1433--1434
 []\T1/lmr/m/n/12 (-20) 2377.854| 
 []


Overfull \hbox (19.71822pt too wide) in paragraph at lines 1435--1436
 []\T1/lmr/m/n/12 (-20) 3204.073| 
 []


Overfull \hbox (19.71822pt too wide) in paragraph at lines 1437--1438
 []\T1/lmr/m/n/12 (-20) 2417.139| 
 []


Overfull \hbox (24.42036pt too wide) in paragraph at lines 1439--1440
 []\T1/lmr/m/n/12 (-20) 2731.861| 
 []


Overfull \hbox (13.96072pt too wide) in paragraph at lines 1441--1442
 []\T1/lmr/m/n/12 (-20) 3004.86| 
 []


Overfull \hbox (19.71822pt too wide) in paragraph at lines 1443--1444
 []\T1/lmr/m/n/12 (-20) 2650.792| 
 []


Overfull \hbox (19.71822pt too wide) in paragraph at lines 1445--1446
 []\T1/lmr/m/n/12 (-20) 2460.292| 
 []


Overfull \hbox (19.71822pt too wide) in paragraph at lines 1447--1448
 []\T1/lmr/m/n/12 (-20) 2777.403| 
 []


Overfull \hbox (24.42036pt too wide) in paragraph at lines 1449--1450
 []\T1/lmr/m/n/12 (-20) 3156.369| 
 []


Overfull \hbox (24.42036pt too wide) in paragraph at lines 1451--1452
 []\T1/lmr/m/n/12 (-20) 2595.649| 
 []


Overfull \hbox (19.17671pt too wide) in paragraph at lines 1454--1455
 []\T1/lmr/m/n/12 (-20) Missouri 
 []


Overfull \hbox (3.3069pt too wide) in paragraph at lines 1454--1455
 \T1/lmr/m/n/12 (-20) River 
 []


Overfull \hbox (28.8886pt too wide) in paragraph at lines 1454--1455
 \T1/lmr/m/n/12 (-20) St. Joseph, 
 []


Overfull \hbox (17.87576pt too wide) in paragraph at lines 1456--1457
 []\T1/lmr/m/n/12 (-20) 06818000| 
 []


Overfull \hbox (14.25447pt too wide) in paragraph at lines 1458--1459
 []\T1/lmr/m/n/12 (-20) 90011.3| 
 []


Overfull \hbox (24.42036pt too wide) in paragraph at lines 1460--1461
 []\T1/lmr/m/n/12 (-20) 77760.16| 
 []


Overfull \hbox (19.71822pt too wide) in paragraph at lines 1462--1463
 []\T1/lmr/m/n/12 (-20) 70549.03| 
 []


Overfull \hbox (25.18196pt too wide) in paragraph at lines 1464--1465
 []\T1/lmr/m/n/12 (-20) 116938.26| 
 []


Overfull \hbox (25.18196pt too wide) in paragraph at lines 1466--1467
 []\T1/lmr/m/n/12 (-20) 110927.07| 
 []


Overfull \hbox (29.88411pt too wide) in paragraph at lines 1468--1469
 []\T1/lmr/m/n/12 (-20) 130362.46| 
 []


Overfull \hbox (25.18196pt too wide) in paragraph at lines 1470--1471
 []\T1/lmr/m/n/12 (-20) 131671.16| 
 []


Overfull \hbox (25.18196pt too wide) in paragraph at lines 1472--1473
 []\T1/lmr/m/n/12 (-20) 110560.74| 
 []


Overfull \hbox (20.01196pt too wide) in paragraph at lines 1474--1475
 []\T1/lmr/m/n/12 (-20) 99105.45| 
 []


Overfull \hbox (25.18196pt too wide) in paragraph at lines 1476--1477
 []\T1/lmr/m/n/12 (-20) 103960.49| 
 []


Overfull \hbox (29.88411pt too wide) in paragraph at lines 1478--1479
 []\T1/lmr/m/n/12 (-20) 121688.94| 
 []


Overfull \hbox (24.71411pt too wide) in paragraph at lines 1480--1481
 []\T1/lmr/m/n/12 (-20) 96803.96| 
 []


Overfull \hbox (32.96458pt too wide) in paragraph at lines 1483--1484
 []\T1/lmr/m/n/12 (-20) Republican 
 []


Overfull \hbox (3.3069pt too wide) in paragraph at lines 1483--1484
 \T1/lmr/m/n/12 (-20) River 
 []


Overfull \hbox (3.08945pt too wide) in paragraph at lines 1483--1484
 \T1/lmr/m/n/12 (-20) leans, 
 []


Overfull \hbox (4.33427pt too wide) in paragraph at lines 1483--1484
 \T1/lmr/m/n/12 (-20) Nebr.| 
 []


Overfull \hbox (17.87576pt too wide) in paragraph at lines 1485--1486
 []\T1/lmr/m/n/12 (-20) 06844500| 
 []


Overfull \hbox (19.42447pt too wide) in paragraph at lines 1487--1488
 []\T1/lmr/m/n/12 (-20) 154.9544| 
 []


Overfull \hbox (24.12662pt too wide) in paragraph at lines 1489--1490
 []\T1/lmr/m/n/12 (-20) 145.2851| 
 []


Overfull \hbox (19.42447pt too wide) in paragraph at lines 1491--1492
 []\T1/lmr/m/n/12 (-20) 147.9408| 
 []


Overfull \hbox (19.71822pt too wide) in paragraph at lines 1493--1494
 []\T1/lmr/m/n/12 (-20) 228.2876| 
 []


Overfull \hbox (19.42447pt too wide) in paragraph at lines 1495--1496
 []\T1/lmr/m/n/12 (-20) 171.8784| 
 []


Overfull \hbox (24.12662pt too wide) in paragraph at lines 1497--1498
 []\T1/lmr/m/n/12 (-20) 166.0301| 
 []


Overfull \hbox (19.42447pt too wide) in paragraph at lines 1499--1500
 []\T1/lmr/m/n/12 (-20) 184.0507| 
 []


Overfull \hbox (19.71822pt too wide) in paragraph at lines 1501--1502
 []\T1/lmr/m/n/12 (-20) 321.3987| 
 []


Overfull \hbox (19.42447pt too wide) in paragraph at lines 1503--1504
 []\T1/lmr/m/n/12 (-20) 164.3744| 
 []


Overfull \hbox (19.42447pt too wide) in paragraph at lines 1505--1506
 []\T1/lmr/m/n/12 (-20) 150.4602| 
 []


Overfull \hbox (24.12662pt too wide) in paragraph at lines 1507--1508
 []\T1/lmr/m/n/12 (-20) 149.7053| 
 []


Overfull \hbox (18.36913pt too wide) in paragraph at lines 1509--1510
 []\T1/lmr/m/n/12 (-20) 158.701| 
 []


Overfull \hbox (54.36931pt too wide) in paragraph at lines 1512--1513
 []\T1/lmr/m/n/12 (-20) REPUBLICAN 
 []


Overfull \hbox (7.8715pt too wide) in paragraph at lines 1512--1513
 \T1/lmr/m/n/12 (-20) CLAY 
 []


Overfull \hbox (3.16962pt too wide) in paragraph at lines 1512--1513
 \T1/lmr/m/n/12 (-20) CEN- 
 []


Overfull \hbox (2.27823pt too wide) in paragraph at lines 1512--1513
 \T1/lmr/m/n/12 (-20) TER, 
 []


Overfull \hbox (17.87576pt too wide) in paragraph at lines 1514--1515
 []\T1/lmr/m/n/12 (-20) 06856600| 
 []


Overfull \hbox (19.71822pt too wide) in paragraph at lines 1516--1517
 []\T1/lmr/m/n/12 (-20) 2212.686| 
 []


Overfull \hbox (24.42036pt too wide) in paragraph at lines 1518--1519
 []\T1/lmr/m/n/12 (-20) 2012.946| 
 []


Overfull \hbox (13.66698pt too wide) in paragraph at lines 1520--1521
 []\T1/lmr/m/n/12 (-20) 1966.35| 
 []


Overfull \hbox (19.71822pt too wide) in paragraph at lines 1522--1523
 []\T1/lmr/m/n/12 (-20) 2354.776| 
 []


Overfull \hbox (19.71822pt too wide) in paragraph at lines 1524--1525
 []\T1/lmr/m/n/12 (-20) 2052.399| 
 []


Overfull \hbox (24.42036pt too wide) in paragraph at lines 1526--1527
 []\T1/lmr/m/n/12 (-20) 2615.569| 
 []


Overfull \hbox (19.71822pt too wide) in paragraph at lines 1528--1529
 []\T1/lmr/m/n/12 (-20) 2571.786| 
 []


Overfull \hbox (19.71822pt too wide) in paragraph at lines 1530--1531
 []\T1/lmr/m/n/12 (-20) 2483.559| 
 []


Overfull \hbox (19.71822pt too wide) in paragraph at lines 1532--1533
 []\T1/lmr/m/n/12 (-20) 2404.832| 
 []


Overfull \hbox (19.71822pt too wide) in paragraph at lines 1534--1535
 []\T1/lmr/m/n/12 (-20) 2283.906| 
 []


Overfull \hbox (24.42036pt too wide) in paragraph at lines 1536--1537
 []\T1/lmr/m/n/12 (-20) 2196.924| 
 []


Overfull \hbox (24.42036pt too wide) in paragraph at lines 1538--1539
 []\T1/lmr/m/n/12 (-20) 2058.036| 
 []


Overfull \hbox (19.5655pt too wide) in paragraph at lines 1541--1542
 []\T1/lmr/m/n/12 (-20) SMOKY 
 []


Overfull \hbox (3.32195pt too wide) in paragraph at lines 1541--1542
 \T1/lmr/m/n/12 (-20) HILL 
 []


Overfull \hbox (2.58885pt too wide) in paragraph at lines 1541--1542
 \T1/lmr/m/n/12 (-20) TER- 
 []


Overfull \hbox (12.77121pt too wide) in paragraph at lines 1541--1542
 \T1/lmr/m/n/12 (-20) PRISE, 
 []


Overfull \hbox (17.87576pt too wide) in paragraph at lines 1543--1544
 []\T1/lmr/m/n/12 (-20) 06877600| 
 []


Overfull \hbox (19.42447pt too wide) in paragraph at lines 1545--1546
 []\T1/lmr/m/n/12 (-20) 1999.598| 
 []


Overfull \hbox (24.12662pt too wide) in paragraph at lines 1547--1548
 []\T1/lmr/m/n/12 (-20) 1814.097| 
 []


Overfull \hbox (13.66698pt too wide) in paragraph at lines 1549--1550
 []\T1/lmr/m/n/12 (-20) 1688.58| 
 []


Overfull \hbox (19.42447pt too wide) in paragraph at lines 1551--1552
 []\T1/lmr/m/n/12 (-20) 1807.765| 
 []


Overfull \hbox (19.42447pt too wide) in paragraph at lines 1553--1554
 []\T1/lmr/m/n/12 (-20) 1634.919| 
 []


Overfull \hbox (24.42036pt too wide) in paragraph at lines 1555--1556
 []\T1/lmr/m/n/12 (-20) 2308.793| 
 []


Overfull \hbox (19.71822pt too wide) in paragraph at lines 1557--1558
 []\T1/lmr/m/n/12 (-20) 2034.465| 
 []


Overfull \hbox (19.42447pt too wide) in paragraph at lines 1559--1560
 []\T1/lmr/m/n/12 (-20) 1885.749| 
 []


Overfull \hbox (19.42447pt too wide) in paragraph at lines 1561--1562
 []\T1/lmr/m/n/12 (-20) 1831.551| 
 []


Overfull \hbox (19.42447pt too wide) in paragraph at lines 1563--1564
 []\T1/lmr/m/n/12 (-20) 1777.794| 
 []


Overfull \hbox (24.12662pt too wide) in paragraph at lines 1565--1566
 []\T1/lmr/m/n/12 (-20) 1663.053| 
 []


Overfull \hbox (24.12662pt too wide) in paragraph at lines 1567--1568
 []\T1/lmr/m/n/12 (-20) 1556.348| 
 []


Overfull \hbox (36.15506pt too wide) in paragraph at lines 1570--1571
 \T1/lmr/m/n/12 (-20) SOLOMON 
 []


Overfull \hbox (20.12761pt too wide) in paragraph at lines 1570--1571
 \T1/lmr/m/n/12 (-20) BORNE, 
 []


Overfull \hbox (17.87576pt too wide) in paragraph at lines 1572--1573
 []\T1/lmr/m/n/12 (-20) 06874000| 
 []


Overfull \hbox (19.42447pt too wide) in paragraph at lines 1574--1575
 []\T1/lmr/m/n/12 (-20) 174.3205| 
 []


Overfull \hbox (24.12662pt too wide) in paragraph at lines 1576--1577
 []\T1/lmr/m/n/12 (-20) 140.6582| 
 []


Overfull \hbox (19.42447pt too wide) in paragraph at lines 1578--1579
 []\T1/lmr/m/n/12 (-20) 123.4546| 
 []


Overfull \hbox (19.42447pt too wide) in paragraph at lines 1580--1581
 []\T1/lmr/m/n/12 (-20) 114.6624| 
 []


Overfull \hbox (19.42447pt too wide) in paragraph at lines 1582--1583
 []\T1/lmr/m/n/12 (-20) 110.1691| 
 []


Overfull \hbox (24.12662pt too wide) in paragraph at lines 1584--1585
 []\T1/lmr/m/n/12 (-20) 107.8727| 
 []


Overfull \hbox (19.42447pt too wide) in paragraph at lines 1586--1587
 []\T1/lmr/m/n/12 (-20) 106.6991| 
 []


Overfull \hbox (19.42447pt too wide) in paragraph at lines 1588--1589
 []\T1/lmr/m/n/12 (-20) 106.0993| 
 []


Overfull \hbox (19.42447pt too wide) in paragraph at lines 1590--1591
 []\T1/lmr/m/n/12 (-20) 105.7928| 
 []


Overfull \hbox (19.42447pt too wide) in paragraph at lines 1592--1593
 []\T1/lmr/m/n/12 (-20) 105.6361| 
 []


Overfull \hbox (18.36913pt too wide) in paragraph at lines 1594--1595
 []\T1/lmr/m/n/12 (-20) 105.556| 
 []


Overfull \hbox (24.12662pt too wide) in paragraph at lines 1596--1597
 []\T1/lmr/m/n/12 (-20) 105.5151| 
 []


Overfull \hbox (24.15347pt too wide) in paragraph at lines 1599--1600
 []\T1/lmr/m/n/12 (-20) KANSAS 
 []


Overfull \hbox (33.01094pt too wide) in paragraph at lines 1599--1600
 \T1/lmr/m/n/12 (-20) WAMEGO, 
 []


Overfull \hbox (17.87576pt too wide) in paragraph at lines 1601--1602
 []\T1/lmr/m/n/12 (-20) 06887500| 
 []


Overfull \hbox (19.42447pt too wide) in paragraph at lines 1603--1604
 []\T1/lmr/m/n/12 (-20) 14398.77| 
 []


Overfull \hbox (29.88411pt too wide) in paragraph at lines 1605--1606
 []\T1/lmr/m/n/12 (-20) 10484.501| 
 []


Overfull \hbox (13.96072pt too wide) in paragraph at lines 1607--1608
 []\T1/lmr/m/n/12 (-20) 7784.95| 
 []


Overfull \hbox (20.01196pt too wide) in paragraph at lines 1609--1610
 []\T1/lmr/m/n/12 (-20) 6938.432| 
 []


Overfull \hbox (20.01196pt too wide) in paragraph at lines 1611--1612
 []\T1/lmr/m/n/12 (-20) 5800.966| 
 []


Overfull \hbox (24.42036pt too wide) in paragraph at lines 1613--1614
 []\T1/lmr/m/n/12 (-20) 7571.298| 
 []


Overfull \hbox (20.01196pt too wide) in paragraph at lines 1615--1616
 []\T1/lmr/m/n/12 (-20) 8326.411| 
 []


Overfull \hbox (20.01196pt too wide) in paragraph at lines 1617--1618
 []\T1/lmr/m/n/12 (-20) 9052.989| 
 []


Overfull \hbox (20.01196pt too wide) in paragraph at lines 1619--1620
 []\T1/lmr/m/n/12 (-20) 6796.397| 
 []


Overfull \hbox (20.01196pt too wide) in paragraph at lines 1621--1622
 []\T1/lmr/m/n/12 (-20) 6676.547| 
 []


Overfull \hbox (24.71411pt too wide) in paragraph at lines 1623--1624
 []\T1/lmr/m/n/12 (-20) 6316.088| 
 []


Overfull \hbox (12.90538pt too wide) in paragraph at lines 1625--1626
 []\T1/lmr/m/n/12 (-20) 7646.2| 
 []


Overfull \hbox (24.15347pt too wide) in paragraph at lines 1628--1629
 []\T1/lmr/m/n/12 (-20) KANSAS 
 []


Overfull \hbox (1.41348pt too wide) in paragraph at lines 1628--1629
 \T1/lmr/m/n/12 (-20) DES- 
 []


Overfull \hbox (4.305pt too wide) in paragraph at lines 1628--1629
 \T1/lmr/m/n/12 (-20) OTO, 
 []


Overfull \hbox (17.87576pt too wide) in paragraph at lines 1630--1631
 []\T1/lmr/m/n/12 (-20) 06892350| 
 []


Overfull \hbox (25.18196pt too wide) in paragraph at lines 1632--1633
 []\T1/lmr/m/n/12 (-20) 17433.744| 
 []


Overfull \hbox (29.88411pt too wide) in paragraph at lines 1634--1635
 []\T1/lmr/m/n/12 (-20) 13064.978| 
 []


Overfull \hbox (25.18196pt too wide) in paragraph at lines 1636--1637
 []\T1/lmr/m/n/12 (-20) 10272.795| 
 []


Overfull \hbox (20.01196pt too wide) in paragraph at lines 1638--1639
 []\T1/lmr/m/n/12 (-20) 9334.909| 
 []


Overfull \hbox (19.71822pt too wide) in paragraph at lines 1640--1641
 []\T1/lmr/m/n/12 (-20) 7730.841| 
 []


Overfull \hbox (29.88411pt too wide) in paragraph at lines 1642--1643
 []\T1/lmr/m/n/12 (-20) 11531.101| 
 []


Overfull \hbox (25.18196pt too wide) in paragraph at lines 1644--1645
 []\T1/lmr/m/n/12 (-20) 11710.275| 
 []


Overfull \hbox (25.18196pt too wide) in paragraph at lines 1646--1647
 []\T1/lmr/m/n/12 (-20) 12100.027| 
 []


Overfull \hbox (25.18196pt too wide) in paragraph at lines 1648--1649
 []\T1/lmr/m/n/12 (-20) 10099.463| 
 []


Overfull \hbox (20.01196pt too wide) in paragraph at lines 1650--1651
 []\T1/lmr/m/n/12 (-20) 9499.502| 
 []


Overfull \hbox (24.71411pt too wide) in paragraph at lines 1652--1653
 []\T1/lmr/m/n/12 (-20) 8509.621| 
 []


Overfull \hbox (24.71411pt too wide) in paragraph at lines 1654--1655
 []\T1/lmr/m/n/12 (-20) 9945.916| 
 []


Overfull \hbox (8.57571pt too wide) in paragraph at lines 1657--1658
 []\T1/lmr/m/n/12 (-20) Grand 
 []


Overfull \hbox (3.3069pt too wide) in paragraph at lines 1657--1658
 \T1/lmr/m/n/12 (-20) River 
 []


Overfull \hbox (0.77794pt too wide) in paragraph at lines 1657--1658
 \T1/lmr/m/n/12 (-20) Sum- 
 []


Overfull \hbox (17.87576pt too wide) in paragraph at lines 1659--1660
 []\T1/lmr/m/n/12 (-20) 06902000| 
 []


Overfull \hbox (20.01196pt too wide) in paragraph at lines 1661--1662
 []\T1/lmr/m/n/12 (-20) 9634.729| 
 []


Overfull \hbox (24.71411pt too wide) in paragraph at lines 1663--1664
 []\T1/lmr/m/n/12 (-20) 9456.489| 
 []


Overfull \hbox (25.18196pt too wide) in paragraph at lines 1665--1666
 []\T1/lmr/m/n/12 (-20) 10440.135| 
 []


Overfull \hbox (25.18196pt too wide) in paragraph at lines 1667--1668
 []\T1/lmr/m/n/12 (-20) 10753.103| 
 []


Overfull \hbox (20.01196pt too wide) in paragraph at lines 1669--1670
 []\T1/lmr/m/n/12 (-20) 9392.489| 
 []


Overfull \hbox (29.88411pt too wide) in paragraph at lines 1671--1672
 []\T1/lmr/m/n/12 (-20) 12326.771| 
 []


Overfull \hbox (25.18196pt too wide) in paragraph at lines 1673--1674
 []\T1/lmr/m/n/12 (-20) 11756.818| 
 []


Overfull \hbox (20.01196pt too wide) in paragraph at lines 1675--1676
 []\T1/lmr/m/n/12 (-20) 9390.933| 
 []


Overfull \hbox (20.01196pt too wide) in paragraph at lines 1677--1678
 []\T1/lmr/m/n/12 (-20) 9517.493| 
 []


Overfull \hbox (25.18196pt too wide) in paragraph at lines 1679--1680
 []\T1/lmr/m/n/12 (-20) 10274.174| 
 []


Overfull \hbox (29.88411pt too wide) in paragraph at lines 1681--1682
 []\T1/lmr/m/n/12 (-20) 12340.875| 
 []


Overfull \hbox (24.71411pt too wide) in paragraph at lines 1683--1684
 []\T1/lmr/m/n/12 (-20) 9446.777| 
 []


Overfull \hbox (21.29152pt too wide) in paragraph at lines 1686--1687
 []\T1/lmr/m/n/12 (-20) Chariton 
 []


Overfull \hbox (3.3069pt too wide) in paragraph at lines 1686--1687
 \T1/lmr/m/n/12 (-20) River 
 []


Overfull \hbox (10.57378pt too wide) in paragraph at lines 1686--1687
 \T1/lmr/m/n/12 (-20) Prairie 
 []


Overfull \hbox (17.87576pt too wide) in paragraph at lines 1688--1689
 []\T1/lmr/m/n/12 (-20) 06905500| 
 []


Overfull \hbox (19.42447pt too wide) in paragraph at lines 1690--1691
 []\T1/lmr/m/n/12 (-20) 1946.371| 
 []


Overfull \hbox (24.42036pt too wide) in paragraph at lines 1692--1693
 []\T1/lmr/m/n/12 (-20) 2523.677| 
 []


Overfull \hbox (19.71822pt too wide) in paragraph at lines 1694--1695
 []\T1/lmr/m/n/12 (-20) 2663.863| 
 []


Overfull \hbox (19.71822pt too wide) in paragraph at lines 1696--1697
 []\T1/lmr/m/n/12 (-20) 2701.267| 
 []


Overfull \hbox (19.71822pt too wide) in paragraph at lines 1698--1699
 []\T1/lmr/m/n/12 (-20) 2556.851| 
 []


Overfull \hbox (24.42036pt too wide) in paragraph at lines 1700--1701
 []\T1/lmr/m/n/12 (-20) 3142.349| 
 []


Overfull \hbox (19.71822pt too wide) in paragraph at lines 1702--1703
 []\T1/lmr/m/n/12 (-20) 2904.042| 
 []


Overfull \hbox (19.71822pt too wide) in paragraph at lines 1704--1705
 []\T1/lmr/m/n/12 (-20) 2597.213| 
 []


Overfull \hbox (19.71822pt too wide) in paragraph at lines 1706--1707
 []\T1/lmr/m/n/12 (-20) 2511.393| 
 []


Overfull \hbox (19.71822pt too wide) in paragraph at lines 1708--1709
 []\T1/lmr/m/n/12 (-20) 2678.037| 
 []


Overfull \hbox (24.42036pt too wide) in paragraph at lines 1710--1711
 []\T1/lmr/m/n/12 (-20) 2898.101| 
 []


Overfull \hbox (24.42036pt too wide) in paragraph at lines 1712--1713
 []\T1/lmr/m/n/12 (-20) 2629.494| 
 []


Overfull \hbox (14.08636pt too wide) in paragraph at lines 1715--1716
 []\T1/lmr/m/n/12 (-20) Pomme 
 []


Overfull \hbox (2.61589pt too wide) in paragraph at lines 1715--1716
 \T1/lmr/m/n/12 (-20) Terre 
 []


Overfull \hbox (3.3069pt too wide) in paragraph at lines 1715--1716
 \T1/lmr/m/n/12 (-20) River 
 []


Overfull \hbox (0.6182pt too wide) in paragraph at lines 1715--1716
 \T1/lmr/m/n/12 (-20) Polk, 
 []


Overfull \hbox (17.87576pt too wide) in paragraph at lines 1717--1718
 []\T1/lmr/m/n/12 (-20) 06921070| 
 []


Overfull \hbox (19.71822pt too wide) in paragraph at lines 1719--1720
 []\T1/lmr/m/n/12 (-20) 302.1977| 
 []


Overfull \hbox (24.42036pt too wide) in paragraph at lines 1721--1722
 []\T1/lmr/m/n/12 (-20) 290.1968| 
 []


Overfull \hbox (19.71822pt too wide) in paragraph at lines 1723--1724
 []\T1/lmr/m/n/12 (-20) 335.3464| 
 []


Overfull \hbox (19.71822pt too wide) in paragraph at lines 1725--1726
 []\T1/lmr/m/n/12 (-20) 317.8665| 
 []


Overfull \hbox (19.71822pt too wide) in paragraph at lines 1727--1728
 []\T1/lmr/m/n/12 (-20) 267.6631| 
 []


Overfull \hbox (18.54538pt too wide) in paragraph at lines 1729--1730
 []\T1/lmr/m/n/12 (-20) 404.104| 
 []


Overfull \hbox (13.96072pt too wide) in paragraph at lines 1731--1732
 []\T1/lmr/m/n/12 (-20) 262.339| 
 []


Overfull \hbox (19.71822pt too wide) in paragraph at lines 1733--1734
 []\T1/lmr/m/n/12 (-20) 255.1629| 
 []


Overfull \hbox (19.71822pt too wide) in paragraph at lines 1735--1736
 []\T1/lmr/m/n/12 (-20) 247.3837| 
 []


Overfull \hbox (19.71822pt too wide) in paragraph at lines 1737--1738
 []\T1/lmr/m/n/12 (-20) 250.4061| 
 []


Overfull \hbox (24.42036pt too wide) in paragraph at lines 1739--1740
 []\T1/lmr/m/n/12 (-20) 269.6108| 
 []


Overfull \hbox (24.42036pt too wide) in paragraph at lines 1741--1742
 []\T1/lmr/m/n/12 (-20) 277.8386| 
 []


Overfull \hbox (6.64153pt too wide) in paragraph at lines 1744--1745
 []\T1/lmr/m/n/12 (-20) Osage 
 []


Overfull \hbox (3.3069pt too wide) in paragraph at lines 1744--1745
 \T1/lmr/m/n/12 (-20) River 
 []


Overfull \hbox (35.12827pt too wide) in paragraph at lines 1744--1745
 \T1/lmr/m/n/12 (-20) St. Thomas, 
 []


Overfull \hbox (17.87576pt too wide) in paragraph at lines 1746--1747
 []\T1/lmr/m/n/12 (-20) 06926510| 
 []


Overfull \hbox (19.42447pt too wide) in paragraph at lines 1748--1749
 []\T1/lmr/m/n/12 (-20) 12184.39| 
 []


Overfull \hbox (24.12662pt too wide) in paragraph at lines 1750--1751
 []\T1/lmr/m/n/12 (-20) 13730.31| 
 []


Overfull \hbox (19.42447pt too wide) in paragraph at lines 1752--1753
 []\T1/lmr/m/n/12 (-20) 13039.62| 
 []


Overfull \hbox (19.42447pt too wide) in paragraph at lines 1754--1755
 []\T1/lmr/m/n/12 (-20) 12564.56| 
 []


Overfull \hbox (19.42447pt too wide) in paragraph at lines 1756--1757
 []\T1/lmr/m/n/12 (-20) 14026.34| 
 []


Overfull \hbox (24.12662pt too wide) in paragraph at lines 1758--1759
 []\T1/lmr/m/n/12 (-20) 14174.23| 
 []


Overfull \hbox (19.42447pt too wide) in paragraph at lines 1760--1761
 []\T1/lmr/m/n/12 (-20) 16191.64| 
 []


Overfull \hbox (19.42447pt too wide) in paragraph at lines 1762--1763
 []\T1/lmr/m/n/12 (-20) 16801.49| 
 []


Overfull \hbox (13.66698pt too wide) in paragraph at lines 1764--1765
 []\T1/lmr/m/n/12 (-20) 15671.6| 
 []


Overfull \hbox (19.42447pt too wide) in paragraph at lines 1766--1767
 []\T1/lmr/m/n/12 (-20) 14122.26| 
 []


Overfull \hbox (24.12662pt too wide) in paragraph at lines 1768--1769
 []\T1/lmr/m/n/12 (-20) 13155.48| 
 []


Overfull \hbox (24.12662pt too wide) in paragraph at lines 1770--1771
 []\T1/lmr/m/n/12 (-20) 12236.42| 
 []


Overfull \hbox (0.97975pt too wide) in alignment at lines 1191--1772
 [] [] [] [] [] [] [] [] [] [] [] [] [] [] 
 []


Overfull \hbox (4.17635pt too wide) in paragraph at lines 1773--1774
 []\T1/lmr/m/n/12 (-20) Little 
 []


Overfull \hbox (3.3069pt too wide) in paragraph at lines 1773--1774
 \T1/lmr/m/n/12 (-20) River 
 []


Overfull \hbox (17.87576pt too wide) in paragraph at lines 1775--1776
 []\T1/lmr/m/n/12 (-20) 06894000| 
 []


Overfull \hbox (19.42447pt too wide) in paragraph at lines 1777--1778
 []\T1/lmr/m/n/12 (-20) 181.6666| 
 []


Overfull \hbox (24.42036pt too wide) in paragraph at lines 1779--1780
 []\T1/lmr/m/n/12 (-20) 206.4976| 
 []


Overfull \hbox (19.71822pt too wide) in paragraph at lines 1781--1782
 []\T1/lmr/m/n/12 (-20) 203.7249| 
 []


Overfull \hbox (19.71822pt too wide) in paragraph at lines 1783--1784
 []\T1/lmr/m/n/12 (-20) 206.7256| 
 []


Overfull \hbox (19.71822pt too wide) in paragraph at lines 1785--1786
 []\T1/lmr/m/n/12 (-20) 214.5459| 
 []


Overfull \hbox (24.42036pt too wide) in paragraph at lines 1787--1788
 []\T1/lmr/m/n/12 (-20) 320.4555| 
 []


Overfull \hbox (19.71822pt too wide) in paragraph at lines 1789--1790
 []\T1/lmr/m/n/12 (-20) 220.6817| 
 []


Overfull \hbox (19.71822pt too wide) in paragraph at lines 1791--1792
 []\T1/lmr/m/n/12 (-20) 228.4371| 
 []


Overfull \hbox (19.71822pt too wide) in paragraph at lines 1793--1794
 []\T1/lmr/m/n/12 (-20) 209.8449| 
 []


Overfull \hbox (13.96072pt too wide) in paragraph at lines 1795--1796
 []\T1/lmr/m/n/12 (-20) 231.759| 
 []


Overfull \hbox (18.36913pt too wide) in paragraph at lines 1797--1798
 []\T1/lmr/m/n/12 (-20) 198.792| 
 []


Overfull \hbox (18.36913pt too wide) in paragraph at lines 1799--1800
 []\T1/lmr/m/n/12 (-20) 190.647| 
 []


Overfull \hbox (19.17671pt too wide) in paragraph at lines 1802--1803
 []\T1/lmr/m/n/12 (-20) Missouri 
 []


Overfull \hbox (3.3069pt too wide) in paragraph at lines 1802--1803
 \T1/lmr/m/n/12 (-20) River 
 []


Overfull \hbox (6.22481pt too wide) in paragraph at lines 1802--1803
 \T1/lmr/m/n/12 (-20) mann, 
 []


Overfull \hbox (17.87576pt too wide) in paragraph at lines 1804--1805
 []\T1/lmr/m/n/12 (-20) 06934500| 
 []


Overfull \hbox (19.42447pt too wide) in paragraph at lines 1806--1807
 []\T1/lmr/m/n/12 (-20) 189461.2| 
 []


Overfull \hbox (24.12662pt too wide) in paragraph at lines 1808--1809
 []\T1/lmr/m/n/12 (-20) 194893.2| 
 []


Overfull \hbox (19.42447pt too wide) in paragraph at lines 1810--1811
 []\T1/lmr/m/n/12 (-20) 194212.8| 
 []


Overfull \hbox (19.71822pt too wide) in paragraph at lines 1812--1813
 []\T1/lmr/m/n/12 (-20) 215398.5| 
 []


Overfull \hbox (19.71822pt too wide) in paragraph at lines 1814--1815
 []\T1/lmr/m/n/12 (-20) 212735.9| 
 []


Overfull \hbox (24.42036pt too wide) in paragraph at lines 1816--1817
 []\T1/lmr/m/n/12 (-20) 230589.3| 
 []


Overfull \hbox (19.71822pt too wide) in paragraph at lines 1818--1819
 []\T1/lmr/m/n/12 (-20) 240828.8| 
 []


Overfull \hbox (19.71822pt too wide) in paragraph at lines 1820--1821
 []\T1/lmr/m/n/12 (-20) 227848.5| 
 []


Overfull \hbox (19.71822pt too wide) in paragraph at lines 1822--1823
 []\T1/lmr/m/n/12 (-20) 213285.9| 
 []


Overfull \hbox (19.71822pt too wide) in paragraph at lines 1824--1825
 []\T1/lmr/m/n/12 (-20) 216789.6| 
 []


Overfull \hbox (15.46416pt too wide) in paragraph at lines 1826--1827
 []\T1/lmr/m/n/12 (-20) 230480| 
 []


Overfull \hbox (15.46416pt too wide) in paragraph at lines 1828--1829
 []\T1/lmr/m/n/12 (-20) 210515| 
 []


Overfull \hbox (0.97975pt too wide) in alignment at lines 1772--1831
 [] [] [] [] [] [] [] [] [] [] [] [] [] [] 
 []

[19] [20] [21] [22] [23] [24]
Underfull \hbox (badness 2376) in paragraph at lines 1860--1864
\T1/lmr/m/n/12 (+20) Cen-tral Great Plains Drought.'' Gov-ern-ment Doc-u-ment. 
[]$https : / / cpo . noaa . gov /
 []


Underfull \hbox (badness 10000) in paragraph at lines 1860--1864
\T1/lmr/m/n/12 (+20) Meet-[]the-[]Divisions / Earth-[]System-[]Science-[]and-[]
Modeling / MAPP / MAPP-[]Task-[]Forces /
 []


Overfull \hbox (80.66743pt too wide) in paragraph at lines 1860--1864
\T1/lmr/m/n/12 (-20) Drought / Drought-[]Task-[]Force-[]II / An-[]Interpretatio
n-[]of-[]the-[]Origins-[]of-[]the-[]2012-[]Central-[]Great-[]Plains-[]Drought$[
]. 
 []


Underfull \hbox (badness 10000) in paragraph at lines 1874--1878
\T1/lmr/m/n/12 (+20) Doc-u-ment. []$https : / / www . usbr . gov / watersmart /
 bsp / docs / ^^\nalreport / republican /
 []

Package atveryend Info: Empty hook `BeforeClearDocument' on input line 1885.
[25]
Package atveryend Info: Empty hook `AfterLastShipout' on input line 1885.
(./Missouri-Reasearch-Project---FINAL.aux)
Package atveryend Info: Executing hook `AtVeryEndDocument' on input line 1885.
Package atveryend Info: Executing hook `AtEndAfterFileList' on input line 1885.

Package rerunfilecheck Info: File `Missouri-Reasearch-Project---FINAL.out' has 
not changed.
(rerunfilecheck)             Checksum: 9779C2B54F1AE71110528C6BF577192D;4511.

LaTeX Warning: There were undefined references.


LaTeX Warning: There were multiply-defined labels.

Package atveryend Info: Empty hook `AtVeryVeryEnd' on input line 1885.
 ) 
Here is how much of TeX's memory you used:
 14187 strings out of 492649
 207736 string characters out of 6129622
 391927 words of memory out of 5000000
 17648 multiletter control sequences out of 15000+600000
 67185 words of font info for 111 fonts, out of 8000000 for 9000
 1141 hyphenation exceptions out of 8191
 34i,7n,38p,994b,437s stack positions out of 5000i,500n,10000p,200000b,80000s
{/usr/local/texlive/2018/texmf-dist/fonts/enc/dvips/lm/lm-mathsy.enc}{/usr/lo
cal/texlive/2018/texmf-dist/fonts/enc/dvips/lm/lm-rm.enc}{/usr/local/texlive/20
18/texmf-dist/fonts/enc/dvips/lm/lm-mathit.enc}{/usr/local/texlive/2018/texmf-d
ist/fonts/enc/dvips/lm/lm-ts1.enc}{/usr/local/texlive/2018/texmf-dist/fonts/enc
/dvips/lm/lm-ec.enc}</usr/local/texlive/2018/texmf-dist/fonts/type1/public/lm/l
mbx12.pfb></usr/local/texlive/2018/texmf-dist/fonts/type1/public/lm/lmmi12.pfb>
</usr/local/texlive/2018/texmf-dist/fonts/type1/public/lm/lmr12.pfb></usr/local
/texlive/2018/texmf-dist/fonts/type1/public/lm/lmr17.pfb></usr/local/texlive/20
18/texmf-dist/fonts/type1/public/lm/lmr8.pfb></usr/local/texlive/2018/texmf-dis
t/fonts/type1/public/lm/lmri12.pfb></usr/local/texlive/2018/texmf-dist/fonts/ty
pe1/public/lm/lmsy10.pfb></usr/local/texlive/2018/texmf-dist/fonts/type1/public
/lm/lmtt12.pfb>
Output written on Missouri-Reasearch-Project---FINAL.pdf (25 pages, 1038658 byt
es).
PDF statistics:
 328 PDF objects out of 1000 (max. 8388607)
 274 compressed objects within 3 object streams
 89 named destinations out of 1000 (max. 500000)
 14492 words of extra memory for PDF output out of 17280 (max. 10000000)

